<?xml version="1.0" encoding="UTF-8"?>
<!-- Generated by org.testng.reporters.JUnitReportReporter -->
<testsuite skipped="0" hostname="CsekarAithent" name="NostGroup.NostArtifact.TestCases.NostloginCase" tests="1" failures="0" timestamp="2020-06-01T14:28:35 IST" time="3.738" errors="0">
  <testcase name="nostLogin" time="3.738" classname="NostGroup.NostArtifact.TestCases.NostloginCase"/>
  <system-out/>
</testsuite> <!-- NostGroup.NostArtifact.TestCases.NostloginCase -->
