<?xml version="1.0" encoding="UTF-8"?>
<!-- Generated by org.testng.reporters.JUnitReportReporter -->
<testsuite skipped="0" hostname="CsekarAithent" name="NostGroup.NostArtifact.TestCases.Mainte_Creation" tests="6" failures="0" timestamp="2020-05-28T15:28:17 IST" time="145.611" errors="0">
  <testcase name="nostlogin" time="14.497" classname="NostGroup.NostArtifact.TestCases.Mainte_Creation"/>
  <system-out/>
  <testcase name="addProtocol" time="26.297" classname="NostGroup.NostArtifact.TestCases.Mainte_Creation"/>
  <system-out/>
  <testcase name="addPharmacy" time="15.692" classname="NostGroup.NostArtifact.TestCases.Mainte_Creation"/>
  <system-out/>
  <testcase name="addSupplier" time="22.370" classname="NostGroup.NostArtifact.TestCases.Mainte_Creation"/>
  <system-out/>
  <testcase name="addCatalog" time="37.787" classname="NostGroup.NostArtifact.TestCases.Mainte_Creation"/>
  <system-out/>
  <testcase name="addPatient" time="28.968" classname="NostGroup.NostArtifact.TestCases.Mainte_Creation"/>
  <system-out/>
</testsuite> <!-- NostGroup.NostArtifact.TestCases.Mainte_Creation -->
