<?xml version="1.0" encoding="UTF-8"?>
<!-- Generated by org.testng.reporters.JUnitReportReporter -->
<testsuite skipped="0" hostname="CsekarAithent" name="NostGroup.NostArtifact.TestCases.UbarloginCase" tests="18" failures="1" timestamp="2020-09-30T17:29:19 IST" time="375.675" errors="1">
  <testcase name="nostLogin" time="5.206" classname="NostGroup.NostArtifact.TestCases.UbarloginCase"/>
  <system-out>
Starting to Login.... Entered the value 'admin' in field 'username' Entered the value 'aithentchn' in field 'password' Clicked the item: login-button  </system-out>
  <testcase name="addProtocol" time="24.088" classname="NostGroup.NostArtifact.TestCases.UbarloginCase"/>
  <system-out>
Clicked the item: protocol Clicked the item: add-protocol Entered the value '30-SEP-02-20-PROT' in field 'protocol-id' Entered the value '30-SEP-02-20-PROT-Title' in field 'protocol-title' Selected the value 'CNPE in field 'protocol-status' Selected the value 'Active in field 'pharmacy-status' Entered the value '30-SEP-02-20-PROT-SPID' in field 'sponsor-protocol-id' Entered the value '30-SEP-02-20-PROT-SP' in field 'protocol-sponsor' Entered the value 'STN002' in field 'site-number' Selected the value 'Phase 2 in field 'protocol-phase' Selected the value 'Leukemia in field 'disease-program' Selected the value 'Both in field 'service' Selected the value 'Industry in field 'study-source' Selected the value 'Open label in field 'protocol-type' Entered the value 'IRB-Z001' in field 'internal-irb' Entered the value 'EIRB-Z100' in field 'external-irb' Selected the value 'Genetics in field 'protocol-category' Clicked the item: staff Entered the value 'nCoup-PI-FN' in field 'pi-first-name' Entered the value 'nCoup-PI-LN' in field 'pi-last-name' Entered the value 'Inv-ID-01' in field 'investigator-id' Entered the value '10-10-2020' in field 'id-expiration' Entered the value 'Opt-Ins-nCoup' in field 'opt-pi-institution' Entered the value 'Op-Ins-FN' in field 'opt-pi-first-name' Entered the value 'OP-Ins-LN' in field 'opt-pi-last-name' Entered the value 'Op-Inv-ID-02' in field 'opt-investigator-id' Entered the value '10-10-2020' in field 'opt-id-expiration' Entered the value 'Study contact comments' in field 'study-contact' Clicked the item: key-dates Entered the value '04-01-2020' in field 'protocol-phase-start-date' Entered the value '05-01-2020' in field 'closed-to-new-patients' Entered the value '06-01-2020' in field 'protocol-closure-date' Entered the value 'Protocol Study completed' in field 'reason-for-closure' Entered the value '06-10-2020' in field 'protocol-completion-date' Clicked the item: notifications Entered the value 'Receive Notifications' in field 'not-receive' Entered the value 'Transfer Notifications' in field 'not-transfer' Entered the value 'Dispense Notifications' in field 'not-dispense' Entered the value 'Destroy Notifications' in field 'not-destroy' Entered the value 'Return Notifications' in field 'not-return' Entered the value 'a1234' in field 'protocol-esign' Clicked the item: protocol-submit  </system-out>
  <testcase name="addPharmacy" time="14.299" classname="NostGroup.NostArtifact.TestCases.UbarloginCase"/>
  <system-out>
Clicked the item: organization Selected the value 'Pharmacy in field 'organization-selection' Clicked the item: add-new-pharmacy Entered the value '30-SEP-02-20-PHARM-1-C' in field 'pharmacy-name'  Input is Yes for the field 'grant-control-rights' and Checkbox is unchecked by default, now checked/ticked successfully Selected the value 'Control in field 'nci-record' Selected the value 'Refrigerator in field 'storage-condition1' Entered the value 'Location 1' in field 'storage-location1' 'disable-dispense-par-level1' is checked/ticked by default Selected the value 'Room Temperature in field 'storage-condition2' Entered the value 'Location 2' in field 'storage-location2' 'disable-dispense-par-level2' is checked/ticked by default Selected the value 'Refrigerated in field 'storage-condition3' Entered the value 'Location 3' in field 'storage-location3' 'disable-dispense-par-level3' is checked/ticked by default Selected the value 'Freezer -20 in field 'storage-condition4' Entered the value 'Location 4' in field 'storage-location4' 'disable-dispense-par-level4' is checked/ticked by default Clicked the item: pharmacy-address Entered the value '11.0' in field 'pharmacy-address-1' Entered the value 'nCoup Street' in field 'pharmacy-address-2' Entered the value 'nCoup City' in field 'pharmacy-city' Entered the value 'nCoup State' in field 'pharmacy-state' Entered the value '1234567.0' in field 'pharmacy-zip-postalcode' Entered the value '098-098-0987' in field 'pharmacy-phone' Entered the value 'nCoup Control pharmacy QA' in field 'pharmacy-name-label-name' Entered the value 'DEA234' in field 'pharmacy-dea' Entered the value 'a1234' in field 'pharmacy-esign' Clicked the item: pharmacy-submit  </system-out>
  <testcase name="addSupplier" time="24.088" classname="NostGroup.NostArtifact.TestCases.UbarloginCase"/>
  <system-out>
Clicked the item: organization Selected the value 'Supplier in field 'organization-selection' Clicked the item: supplier-add Entered the value '30-SEP-02-20-Supplier-1' in field 'supplier-name' Clicked the item: add-more-supplier1 Entered the value '30-SEP-02-20-Supplier-2' in field 'supplier-name-1' Clicked the item: add-more-supplier2 Entered the value '30-SEP-02-20-Supplier-3' in field 'supplier-name-2' Entered the value 'a1234' in field 'supplier-esign' Clicked the item: supplier-submit  </system-out>
  <testcase name="addCatalog" time="18.290" classname="NostGroup.NostArtifact.TestCases.UbarloginCase"/>
  <system-out>
Clicked the item: add-drug Entered the value '30-SEP-02-20-Drg' in field 'drug-name' Selected the value 'Strength in field 'track-by' Entered the value '22.22' in field 'strength-concentration' Selected the value 'mEq in field 'unit-of-measure' Selected the value 'Enema in field 'formulation' Entered the value '30-SEP-02-20-Drg-dl1' in field 'drug-label-name' Entered the value '30-SEP-02-20-Drg-DID1' in field 'drug-id' Entered the value '30-SEP-02-20-Drg-nsc1' in field 'drug-nsc' Entered the value '30-SEP-02-20-Drg-adn1' in field 'alternative-drug-name' Clicked the item: set-defaults 'patient-specific-drug' is checked/ticked by default  Input is Yes for the field 'ivrs' and Checkbox is unchecked by default, now checked/ticked successfully Selected the value 'Yes in field 'to-be-linked' Selected the value 'Unit in field 'level-of-accountability' Selected the value 'Tube in field 'unit-type' Entered the value '48.0' in field 'qty-per-unit' Entered the value '30-SEP-02-20-Supplier-1' in field 'catalog-supplier-name' Selected the value 'Room Temperature in field 'storage-condition' Selected the value '30-SEP-02-20-PHARM-1-C in field 'pharmacy' Selected the value 'Location 2 in field 'storage-location' Selected the value 'twice daily in field 'frequency' Entered the value 'Take with water of 8oz, before food' in field 'dose-on-label' Selected the value 'Standard (w/ Lab) in field 'label-template' Entered the value '10.0' in field 'day-supply' Selected the value 'Take With Food in field 'aux-label1' Selected the value 'Shake Well in field 'aux-label2' Selected the value 'Refrigerate in field 'aux-label3' Selected the value 'Chemotherapy Drug in field 'aux-label4' Clicked the item: add-drug Entered the value '30-SEP-02-20-PROT' in field 'cat-prot-sear' Clicked the item: cat-prot-sear-ok Entered the value 'a1234' in field 'catalog-esign' Clicked the item: catalog-submit  </system-out>
  <testcase name="addPatient" time="31.415" classname="NostGroup.NostArtifact.TestCases.UbarloginCase"/>
  <system-out>
Clicked the item: patient-menu Clicked the item: add-patient-to-protocol Entered the value '30-SEP-02-20-PAT1-1' in field 'patient-mrn' Entered the value '30-SEP-02-20-FN' in field 'patient-first-name' Entered the value '30-SEP-02-20-LN' in field 'patient-last-name' Selected the value 'Female in field 'patient-gender' Entered the value '11-10-1999' in field 'patient-dob' Selected the value 'Active in field 'patient-status' Entered the value '30-SEP-02-20-PROT' in field 'patient-protocol-id' Entered the value '30-SEP-02-20-PAT1-STY' in field 'patient-study-id' Entered the value '39.87' in field 'cohort-dose-level' Clicked the item: add-contact-info Entered the value '11.0' in field 'address-1' Entered the value '2nd Street' in field 'address-2' Entered the value 'Chennai' in field 'city' Entered the value 'Tamil Nadu' in field 'state' Entered the value '123456.0' in field 'zip-postal-code' Entered the value 'India' in field 'country' Entered the value '098-098-978765' in field 'home-phone' Entered the value '7297932-899' in field 'work-phone' Entered the value 'ncoup@ncoup.com' in field 'email' Entered the value 'PID-002' in field 'pid' Entered the value 'a1234' in field 'patient-esgin' Clicked the item: patient-submit  </system-out>
  <testcase name="submitqueueReceive" time="21.472" classname="NostGroup.NostArtifact.TestCases.UbarloginCase"/>
  <system-out>
Entered the value '30-SEP-02-20-PROT' in field 'rec-tab-search' Entered the value 'a1234' in field 'receive-edit' Clicked the item: receive-submit  </system-out>
  <testcase name="commonReceive" time="24.531" classname="NostGroup.NostArtifact.TestCases.UbarloginCase"/>
  <system-out>
Clicked the item: receive-add Entered the value '30-SEP-02-20-PROT' in field 'receive-protocol-id' Entered the value '586.iu45-LT3-U' in field 'receive-lot' Entered the value 'QWAP-' in field 'receive-static' Entered the value '99.0' in field 'unit-range-start' Entered the value '121.0' in field 'unit-range-end' Clicked the item: unit-gen Entered the value '05-05-2021' in field 'receive-expiration-date' Entered the value 'Receving Drug' in field 'receive-comment' Clicked the item: receive-save  </system-out>
  <testcase name="commonTransferToPharmacy" time="43.306" classname="NostGroup.NostArtifact.TestCases.UbarloginCase"/>
  <system-out>
Clicked the item: trans-to-pharm Entered the value '30-SEP-02-20-PROT' in field 'trans-protocol-id' Selected the value '30-SEP-02-20-PHARM-1-C in field 'trans-fro-pharmacy' Selected the value 'Location 2 in field 'trans-from-sto-location' Selected the value '16-JUN-3-20-Pharm1-C in field 'trans-to-pharmacy' Selected the value 'Location 2 in field 'trans-to-sto-location' Entered the value 'Transfer comments' in field 'trans-comment' Entered the value 'a1234' in field 'trans-esign' Clicked the item: trans-submit  </system-out>
  <testcase name="ubarLogin" time="8.192" classname="NostGroup.NostArtifact.TestCases.UbarloginCase"/>
  <system-out>
Login Billing starts.... Entered the value 'admin' in field 'username-billing' Entered the value 'aithentchn' in field 'password-billing' Clicked the item: login-button-billing  </system-out>
  <testcase name="verifyServiceMaster" time="10.408" classname="NostGroup.NostArtifact.TestCases.UbarloginCase"/>
  <system-out>
Clicked the item: maintenance-billing-menu Clicked the item: service-master-menu Entered the value '30-SEP-02-20-PROT' in field 'service-plan-search' Entered the value '30-SEP-02-20-Drg' in field 'service-name-search' Clicked the item: service-search Drug '30-SEP-02-20-Drg' integrated in Service Master successfully  </system-out>
  <testcase name="verifyFacility" time="10.309" classname="NostGroup.NostArtifact.TestCases.UbarloginCase"/>
  <system-out>
Clicked the item: maintenance-billing-menu Clicked the item: facility-menu Entered the value '30-SEP-02-20-PHARM-1-C' in field 'facility-name' Clicked the item: facility-search Entered the value '30-SEP-02-20-PHARM-1-C' in field 'facility-result-search-bar' Facility '30-SEP-02-20-PHARM-1-C' found in the Facility table  </system-out>
  <testcase name="verifyCPP" time="69.045" classname="NostGroup.NostArtifact.TestCases.UbarloginCase"/>
  <system-out>
Clicked the item: maintenance-billing-menu Clicked the item: cpp-menu Entered the value '30-SEP-02-20-PROT' in field 'cpp-plan-search' Clicked the item: cpp-search Plan '30-SEP-02-20-PROT' integrated to CPP successfully Clicked the item: cpp-payer-search-icon Entered the value 'Dummil-Test' in field 'cpp-payer-search-result-search-bar' Payer 'Dummil-Test' selected from existing Payer's list successfully Clicked the item: cpp-attach-payer Service '30-SEP-02-20-Drg' not listed in CPP CDM Service '30-SEP-02-20-Drg' found in CPP Services table Clicked the item: cpp-cdm-quantity-based Entered the value '230.0' in field 'cpp-cdm-service-price' Clicked the item: cpp-cdm-save After CDM addition, CDM entry added successfully in CPP CDM  </system-out>
  <testcase name="nostLogin2" time="2.611" classname="NostGroup.NostArtifact.TestCases.UbarloginCase"/>
  <system-out>
Starting to Login.... Entered the value 'admin' in field 'username' Entered the value 'aithentchn' in field 'password' Clicked the item: login-button  </system-out>
  <testcase name="addDispense" time="28.422" classname="NostGroup.NostArtifact.TestCases.UbarloginCase"/>
  <system-out>
Clicked the item: patient-menu Clicked the item: manage-patient-result-search-bar Entered the value '30-SEP-02-20-PAT1-1' in field 'manage-patient-result-search-bar' Patient '30-SEP-02-20-PAT1-1' present in Patient table Clicked the item: dispense-to-patient-pat Selected the value '30-SEP-02-20-Drg 22.22mEq in field 'dispense-drug-name' Selected the value '586.iu45-LT3-U in field 'dispense-lot' Selected the value '16-JUN-3-20-Pharm1-C in field 'dispense-pharmacy' Selected the value 'Location 2 in field 'dispense-storage-location' Entered the value '6 tabs twice a day' in field 'dispense-dose' Entered the value 'Dispense 3' in field 'dispense-comments' Entered the value '3rd visit' in field 'dispense-visit' Entered the value 'a1234' in field 'dispense-dispense-esign' Clicked the item: dispense-submit  </system-out>
  <testcase name="ubarLogin2" time="4.729" classname="NostGroup.NostArtifact.TestCases.UbarloginCase"/>
  <system-out>
Login Billing starts.... Entered the value 'admin' in field 'username-billing' Entered the value 'aithentchn' in field 'password-billing' Clicked the item: login-button-billing  </system-out>
  <testcase name="verifyServicedEntity" time="9.684" classname="NostGroup.NostArtifact.TestCases.UbarloginCase">
    <error type="org.openqa.selenium.ElementNotInteractableException" message="Element &lt;button id=&quot;ManageSvcdEntityData&quot; class=&quot;btn btn-primary&quot; type=&quot;button&quot;&gt; could not be scrolled into view
Build info: version: &#039;3.141.59&#039;, revision: &#039;e82be7d358&#039;, time: &#039;2018-11-14T08:17:03&#039;
System info: host: &#039;CSEKARAITHENT&#039;, ip: &#039;192.168.195.41&#039;, os.name: &#039;Windows 10&#039;, os.arch: &#039;amd64&#039;, os.version: &#039;10.0&#039;, java.version: &#039;1.8.0_112&#039;
Driver info: org.openqa.selenium.firefox.FirefoxDriver
Capabilities {acceptInsecureCerts: true, browserName: firefox, browserVersion: 81.0, javascriptEnabled: true, moz:accessibilityChecks: false, moz:buildID: 20200917005511, moz:geckodriverVersion: 0.27.0, moz:headless: false, moz:processID: 17556, moz:profile: C:\Users\Administrator\AppD..., moz:shutdownTimeout: 60000, moz:useNonSpecCompliantPointerOrigin: false, moz:webdriverClick: true, pageLoadStrategy: normal, platform: WINDOWS, platformName: WINDOWS, platformVersion: 10.0, rotatable: false, setWindowRect: true, strictFileInteractability: false, timeouts: {implicit: 0, pageLoad: 300000, script: 30000}, unhandledPromptBehavior: dismiss and notify}
Session ID: 06f39d9b-c098-4665-89c1-027b2b146233">
      <![CDATA[org.openqa.selenium.ElementNotInteractableException: Element <button id="ManageSvcdEntityData" class="btn btn-primary" type="button"> could not be scrolled into view
Build info: version: '3.141.59', revision: 'e82be7d358', time: '2018-11-14T08:17:03'
System info: host: 'CSEKARAITHENT', ip: '192.168.195.41', os.name: 'Windows 10', os.arch: 'amd64', os.version: '10.0', java.version: '1.8.0_112'
Driver info: org.openqa.selenium.firefox.FirefoxDriver
Capabilities {acceptInsecureCerts: true, browserName: firefox, browserVersion: 81.0, javascriptEnabled: true, moz:accessibilityChecks: false, moz:buildID: 20200917005511, moz:geckodriverVersion: 0.27.0, moz:headless: false, moz:processID: 17556, moz:profile: C:\Users\Administrator\AppD..., moz:shutdownTimeout: 60000, moz:useNonSpecCompliantPointerOrigin: false, moz:webdriverClick: true, pageLoadStrategy: normal, platform: WINDOWS, platformName: WINDOWS, platformVersion: 10.0, rotatable: false, setWindowRect: true, strictFileInteractability: false, timeouts: {implicit: 0, pageLoad: 300000, script: 30000}, unhandledPromptBehavior: dismiss and notify}
Session ID: 06f39d9b-c098-4665-89c1-027b2b146233
at sun.reflect.NativeConstructorAccessorImpl.newInstance0(Native Method)
at sun.reflect.NativeConstructorAccessorImpl.newInstance(NativeConstructorAccessorImpl.java:62)
at sun.reflect.DelegatingConstructorAccessorImpl.newInstance(DelegatingConstructorAccessorImpl.java:45)
at java.lang.reflect.Constructor.newInstance(Constructor.java:423)
at org.openqa.selenium.remote.http.W3CHttpResponseCodec.createException(W3CHttpResponseCodec.java:187)
at org.openqa.selenium.remote.http.W3CHttpResponseCodec.decode(W3CHttpResponseCodec.java:122)
at org.openqa.selenium.remote.http.W3CHttpResponseCodec.decode(W3CHttpResponseCodec.java:49)
at org.openqa.selenium.remote.HttpCommandExecutor.execute(HttpCommandExecutor.java:158)
at org.openqa.selenium.remote.service.DriverCommandExecutor.execute(DriverCommandExecutor.java:83)
at org.openqa.selenium.remote.RemoteWebDriver.execute(RemoteWebDriver.java:552)
at org.openqa.selenium.remote.RemoteWebElement.execute(RemoteWebElement.java:285)
at org.openqa.selenium.remote.RemoteWebElement.click(RemoteWebElement.java:84)
at NostGroup.NostArtifact.Base.CommonMethods.click(CommonMethods.java:81)
at NostGroup.NostArtifact.Billing.ServicedEntity.servicedEntityVerify(ServicedEntity.java:45)
at NostGroup.NostArtifact.TestCases.UbarloginCase.verifyServicedEntity(UbarloginCase.java:155)
at sun.reflect.NativeMethodAccessorImpl.invoke0(Native Method)
at sun.reflect.NativeMethodAccessorImpl.invoke(NativeMethodAccessorImpl.java:62)
at sun.reflect.DelegatingMethodAccessorImpl.invoke(DelegatingMethodAccessorImpl.java:43)
at java.lang.reflect.Method.invoke(Method.java:498)
at org.testng.internal.MethodInvocationHelper.invokeMethod(MethodInvocationHelper.java:134)
at org.testng.internal.TestInvoker.invokeMethod(TestInvoker.java:597)
at org.testng.internal.TestInvoker.invokeTestMethod(TestInvoker.java:173)
at org.testng.internal.MethodRunner.runInSequence(MethodRunner.java:46)
at org.testng.internal.TestInvoker$MethodInvocationAgent.invoke(TestInvoker.java:816)
at org.testng.internal.TestInvoker.invokeTestMethods(TestInvoker.java:146)
at org.testng.internal.TestMethodWorker.invokeTestMethods(TestMethodWorker.java:146)
at org.testng.internal.TestMethodWorker.run(TestMethodWorker.java:128)
at java.util.ArrayList.forEach(ArrayList.java:1249)
at org.testng.TestRunner.privateRun(TestRunner.java:766)
at org.testng.TestRunner.run(TestRunner.java:587)
at org.testng.SuiteRunner.runTest(SuiteRunner.java:384)
at org.testng.SuiteRunner.runSequentially(SuiteRunner.java:378)
at org.testng.SuiteRunner.privateRun(SuiteRunner.java:337)
at org.testng.SuiteRunner.run(SuiteRunner.java:286)
at org.testng.SuiteRunnerWorker.runSuite(SuiteRunnerWorker.java:53)
at org.testng.SuiteRunnerWorker.run(SuiteRunnerWorker.java:96)
at org.testng.TestNG.runSuitesSequentially(TestNG.java:1187)
at org.testng.TestNG.runSuitesLocally(TestNG.java:1109)
at org.testng.TestNG.runSuites(TestNG.java:1039)
at org.testng.TestNG.run(TestNG.java:1007)
at org.testng.remote.AbstractRemoteTestNG.run(AbstractRemoteTestNG.java:115)
at org.testng.remote.RemoteTestNG.initAndRun(RemoteTestNG.java:251)
at org.testng.remote.RemoteTestNG.main(RemoteTestNG.java:77)
]]>
    </error>
  </testcase> <!-- verifyServicedEntity -->
  <system-out>
Clicked the item: maintenance-billing-menu Clicked the item: serviced-entity-menu Entered the value '30-SEP-02-20-FN' in field 'serviced-first-name' <br>verifyServicedEntity: Failed <br> <a target="_blank" href="D:\Jagan\NostAuto\NostCore\NostArtifact\Screenshots\Screenshot_Wed_Sep_30_17_28_49_IST_2020.jpg">ScreenShot</a> <br>  </system-out>
  <testcase name="verifyReviewCharges" time="25.580" classname="NostGroup.NostArtifact.TestCases.UbarloginCase">
    <failure type="java.lang.AssertionError" message="null">
      <![CDATA[java.lang.AssertionError: null
at org.testng.Assert.fail(Assert.java:97)
at org.testng.Assert.fail(Assert.java:102)
at NostGroup.NostArtifact.Billing.ReviewCharges.reviewChargesVerification(ReviewCharges.java:125)
at NostGroup.NostArtifact.TestCases.UbarloginCase.verifyReviewCharges(UbarloginCase.java:164)
at sun.reflect.NativeMethodAccessorImpl.invoke0(Native Method)
at sun.reflect.NativeMethodAccessorImpl.invoke(NativeMethodAccessorImpl.java:62)
at sun.reflect.DelegatingMethodAccessorImpl.invoke(DelegatingMethodAccessorImpl.java:43)
at java.lang.reflect.Method.invoke(Method.java:498)
at org.testng.internal.MethodInvocationHelper.invokeMethod(MethodInvocationHelper.java:134)
at org.testng.internal.TestInvoker.invokeMethod(TestInvoker.java:597)
at org.testng.internal.TestInvoker.invokeTestMethod(TestInvoker.java:173)
at org.testng.internal.MethodRunner.runInSequence(MethodRunner.java:46)
at org.testng.internal.TestInvoker$MethodInvocationAgent.invoke(TestInvoker.java:816)
at org.testng.internal.TestInvoker.invokeTestMethods(TestInvoker.java:146)
at org.testng.internal.TestMethodWorker.invokeTestMethods(TestMethodWorker.java:146)
at org.testng.internal.TestMethodWorker.run(TestMethodWorker.java:128)
at java.util.ArrayList.forEach(ArrayList.java:1249)
at org.testng.TestRunner.privateRun(TestRunner.java:766)
at org.testng.TestRunner.run(TestRunner.java:587)
at org.testng.SuiteRunner.runTest(SuiteRunner.java:384)
at org.testng.SuiteRunner.runSequentially(SuiteRunner.java:378)
at org.testng.SuiteRunner.privateRun(SuiteRunner.java:337)
at org.testng.SuiteRunner.run(SuiteRunner.java:286)
at org.testng.SuiteRunnerWorker.runSuite(SuiteRunnerWorker.java:53)
at org.testng.SuiteRunnerWorker.run(SuiteRunnerWorker.java:96)
at org.testng.TestNG.runSuitesSequentially(TestNG.java:1187)
at org.testng.TestNG.runSuitesLocally(TestNG.java:1109)
at org.testng.TestNG.runSuites(TestNG.java:1039)
at org.testng.TestNG.run(TestNG.java:1007)
at org.testng.remote.AbstractRemoteTestNG.run(AbstractRemoteTestNG.java:115)
at org.testng.remote.RemoteTestNG.initAndRun(RemoteTestNG.java:251)
at org.testng.remote.RemoteTestNG.main(RemoteTestNG.java:77)
]]>
    </failure>
  </testcase> <!-- verifyReviewCharges -->
  <system-out>
Clicked the item: billing-review-charges-menu Clicked the item: charges-menu Clicked the item: review-charges-menu Entered the value '30-SEP-02-20-PROT' in field 'review-charges-plan' Selected the value 'Pending Review in field 'review-charges-status' Clicked the item: review-charges-search Entered the value 'Test comments' in field 'review-charges-comments' Selected the value 'Billable in field 'review-charges-billing-status' Clicked the item: review-charges-update No record(s) updated successfully. <br>verifyReviewCharges: Failed <br> <a target="_blank" href="D:\Jagan\NostAuto\NostCore\NostArtifact\Screenshots\Screenshot_Wed_Sep_30_17_29_18_IST_2020.jpg">ScreenShot</a> <br>  </system-out>
</testsuite> <!-- NostGroup.NostArtifact.TestCases.UbarloginCase -->
