<?xml version="1.0" encoding="UTF-8"?>
<!-- Generated by org.testng.reporters.JUnitReportReporter -->
<testsuite skipped="0" hostname="CsekarAithent" name="NostGroup.NostArtifact.TestCases.DispenseCase" tests="2" failures="0" timestamp="2020-07-03T18:51:48 IST" time="19.397" errors="0">
  <testcase name="nostLogin" time="6.789" classname="NostGroup.NostArtifact.TestCases.DispenseCase"/>
  <system-out>
Starting to Login.... Entered the value 'admin' in field 'username' Entered the value 'Velos321' in field 'password' Clicked the item: login-button  </system-out>
  <testcase name="addDispense" time="12.608" classname="NostGroup.NostArtifact.TestCases.DispenseCase"/>
  <system-out>
Clicked the item: patient-menu Clicked the item: manage-patient-result-search-bar Entered the value '03-JUL-1-20-PAT1-1' in field 'manage-patient-result-search-bar' Patient '03-JUL-1-20-PAT1-1' not present in Patient table  </system-out>
</testsuite> <!-- NostGroup.NostArtifact.TestCases.DispenseCase -->
