<?xml version="1.0" encoding="UTF-8"?>
<!-- Generated by org.testng.reporters.JUnitReportReporter -->
<testsuite skipped="0" hostname="CsekarAithent" name="NostGroup.NostArtifact.TestCases.ReceiveCase" tests="2" failures="0" timestamp="2020-05-28T15:36:17 IST" time="60.698" errors="0">
  <testcase name="nostlogin" time="9.411" classname="NostGroup.NostArtifact.TestCases.ReceiveCase"/>
  <system-out/>
  <testcase name="receiveCommon" time="51.287" classname="NostGroup.NostArtifact.TestCases.ReceiveCase"/>
  <system-out/>
</testsuite> <!-- NostGroup.NostArtifact.TestCases.ReceiveCase -->
