<?xml version="1.0" encoding="UTF-8"?>
<!-- Generated by org.testng.reporters.JUnitReportReporter -->
<testsuite skipped="0" hostname="CsekarAithent" name="NostGroup.NostArtifact.Base.NostLogin" tests="1" failures="0" timestamp="2020-05-26T18:19:02 IST" time="19.339" errors="0">
  <testcase name="login" time="19.339" classname="NostGroup.NostArtifact.Base.NostLogin"/>
  <system-out/>
</testsuite> <!-- NostGroup.NostArtifact.Base.NostLogin -->
