<?xml version="1.0" encoding="UTF-8"?>
<!-- Generated by org.testng.reporters.JUnitReportReporter -->
<testsuite skipped="0" hostname="CsekarAithent" name="NostGroup.NostArtifact.Manage.AddSupplier" tests="1" failures="0" timestamp="2020-05-26T18:19:02 IST" time="21.352" errors="0">
  <testcase name="addSupplier" time="21.352" classname="NostGroup.NostArtifact.Manage.AddSupplier"/>
  <system-out/>
</testsuite> <!-- NostGroup.NostArtifact.Manage.AddSupplier -->
