<?xml version="1.0" encoding="UTF-8"?>
<!-- Generated by org.testng.reporters.JUnitReportReporter -->
<testsuite skipped="0" hostname="CsekarAithent" name="NostGroup.NostArtifact.TestCases.UbarTest" tests="2" failures="0" timestamp="2020-09-29T00:34:53 IST" time="82.218" errors="0">
  <testcase name="ubarLogin" time="12.087" classname="NostGroup.NostArtifact.TestCases.UbarTest"/>
  <system-out>
Login Billing starts.... Entered the value 'admin' in field 'username-billing' Entered the value 'aithentchn' in field 'password-billing' Clicked the item: login-button-billing  </system-out>
  <testcase name="verifyCPP" time="70.131" classname="NostGroup.NostArtifact.TestCases.UbarTest"/>
  <system-out>
Clicked the item: maintenance-billing-menu Clicked the item: cpp-menu Entered the value '14-SEP-11-20-PROT-ed' in field 'cpp-plan-search' Clicked the item: cpp-search Plan '14-SEP-11-20-PROT-ed' integrated to CPP successfully Clicked the item: cpp-payer-search-icon Entered the value 'Dummil-Test' in field 'cpp-payer-search-result-search-bar' Payer 'Dummil-Test' selected from existing Payer's list successfully Clicked the item: cpp-attach-payer Service '14-SEP-11-20-Drg-ed' not listed in CPP CDM Service '14-SEP-11-20-Drg-ed' found in CPP Services table Clicked the item: cpp-cdm-quantity-based Entered the value '230.0' in field 'cpp-cdm-service-price' Clicked the item: cpp-cdm-save After CDM addition, CDM entry added successfully in CPP CDM  </system-out>
</testsuite> <!-- NostGroup.NostArtifact.TestCases.UbarTest -->
