<?xml version="1.0" encoding="UTF-8"?>
<!-- Generated by org.testng.reporters.JUnitReportReporter -->
<testsuite skipped="0" hostname="CsekarAithent" name="NostGroup.NostArtifact.TestCases.UbarTest" tests="2" failures="0" timestamp="2020-07-22T18:48:40 IST" time="17.832" errors="0">
  <testcase name="ubarLogin" time="4.923" classname="NostGroup.NostArtifact.TestCases.UbarTest"/>
  <system-out>
Login Billing starts.... Entered the value 'admin' in field 'username-billing' Entered the value 'Velos321' in field 'password-billing' Clicked the item: login-button-billing  </system-out>
  <testcase name="verifyFacility" time="12.909" classname="NostGroup.NostArtifact.TestCases.UbarTest"/>
  <system-out>
Clicked the item: maintenance-billing-menu Clicked the item: facility-menu Entered the value '20-JUL-04-' in field 'facility-name' Clicked the item: facility-search Entered the value '20-JUL-04-' in field 'facility-result-search-bar' One of the Facility '20-JUL-04-20-Pharm1-C' contains '20-JUL-04-' found,but not the exact match  </system-out>
</testsuite> <!-- NostGroup.NostArtifact.TestCases.UbarTest -->
