<?xml version="1.0" encoding="UTF-8"?>
<!-- Generated by org.testng.reporters.JUnitReportReporter -->
<testsuite skipped="3" hostname="CsekarAithent" name="NostGroup.NostArtifact.TestCases.IDSFlow_M_R_PR" tests="15" failures="0" timestamp="2020-09-28T16:59:09 IST" time="152.494" errors="1">
  <testcase name="nostLogin" time="2.568" classname="NostGroup.NostArtifact.TestCases.IDSFlow_M_R_PR"/>
  <system-out>
Starting to Login.... Entered the value 'admin' in field 'username' Entered the value 'aithentchn' in field 'password' Clicked the item: login-button  </system-out>
  <testcase name="addProtocol" time="19.587" classname="NostGroup.NostArtifact.TestCases.IDSFlow_M_R_PR"/>
  <system-out>
Clicked the item: protocol Clicked the item: add-protocol Entered the value '28-SEP-07-20-PROT' in field 'protocol-id' Entered the value '28-SEP-07-20-PROT-Title' in field 'protocol-title' Selected the value 'CNPE in field 'protocol-status' Selected the value 'Active in field 'pharmacy-status' Entered the value '28-SEP-07-20-PROT-SPID' in field 'sponsor-protocol-id' Entered the value '28-SEP-07-20-PROT-SP' in field 'protocol-sponsor' Entered the value 'STN002' in field 'site-number' Selected the value 'Phase 2 in field 'protocol-phase' Selected the value 'Leukemia in field 'disease-program' Selected the value 'Both in field 'service' Selected the value 'Industry in field 'study-source' Selected the value 'Open label in field 'protocol-type' Entered the value 'IRB-Z001' in field 'internal-irb' Entered the value 'EIRB-Z100' in field 'external-irb' Selected the value 'Genetics in field 'protocol-category' Clicked the item: staff Entered the value 'nCoup-PI-FN' in field 'pi-first-name' Entered the value 'nCoup-PI-LN' in field 'pi-last-name' Entered the value 'Inv-ID-01' in field 'investigator-id' Entered the value '10-10-2020' in field 'id-expiration' Entered the value 'Opt-Ins-nCoup' in field 'opt-pi-institution' Entered the value 'Op-Ins-FN' in field 'opt-pi-first-name' Entered the value 'OP-Ins-LN' in field 'opt-pi-last-name' Entered the value 'Op-Inv-ID-02' in field 'opt-investigator-id' Entered the value '10-10-2020' in field 'opt-id-expiration' Entered the value 'Study contact comments' in field 'study-contact' Clicked the item: key-dates Entered the value '04-01-2020' in field 'protocol-phase-start-date' Entered the value '05-01-2020' in field 'closed-to-new-patients' Entered the value '06-01-2020' in field 'protocol-closure-date' Entered the value 'Protocol Study completed' in field 'reason-for-closure' Entered the value '06-10-2020' in field 'protocol-completion-date' Clicked the item: notifications Entered the value 'Receive Notifications' in field 'not-receive' Entered the value 'Transfer Notifications' in field 'not-transfer' Entered the value 'Dispense Notifications' in field 'not-dispense' Entered the value 'Destroy Notifications' in field 'not-destroy' Entered the value 'Return Notifications' in field 'not-return' Entered the value 'a1234' in field 'protocol-esign' Clicked the item: protocol-submit  </system-out>
  <testcase name="verifyProtocol" time="7.327" classname="NostGroup.NostArtifact.TestCases.IDSFlow_M_R_PR"/>
  <system-out>
Entered the value '28-SEP-07-20-PROT' in field 'protocol-tab-search' Protocol '28-SEP-07-20-PROT' found in the Protocol table  </system-out>
  <testcase name="addPharmacy" time="10.429" classname="NostGroup.NostArtifact.TestCases.IDSFlow_M_R_PR"/>
  <system-out>
Clicked the item: organization Selected the value 'Pharmacy in field 'organization-selection' Clicked the item: add-new-pharmacy Entered the value '28-SEP-07-20-PHARM-1-C' in field 'pharmacy-name'  Input is Yes for the field 'grant-control-rights' and Checkbox is unchecked by default, now checked/ticked successfully Selected the value 'Control in field 'nci-record' Selected the value 'Refrigerator in field 'storage-condition1' Entered the value 'Location 1' in field 'storage-location1' 'disable-dispense-par-level1' is checked/ticked by default Selected the value 'Room Temperature in field 'storage-condition2' Entered the value 'Location 2' in field 'storage-location2' 'disable-dispense-par-level2' is checked/ticked by default Selected the value 'Refrigerated in field 'storage-condition3' Entered the value 'Location 3' in field 'storage-location3' 'disable-dispense-par-level3' is checked/ticked by default Selected the value 'Freezer -20 in field 'storage-condition4' Entered the value 'Location 4' in field 'storage-location4' 'disable-dispense-par-level4' is checked/ticked by default Clicked the item: pharmacy-address Entered the value '11.0' in field 'pharmacy-address-1' Entered the value 'nCoup Street' in field 'pharmacy-address-2' Entered the value 'nCoup City' in field 'pharmacy-city' Entered the value 'nCoup State' in field 'pharmacy-state' Entered the value '1234567.0' in field 'pharmacy-zip-postalcode' Entered the value '098-098-0987' in field 'pharmacy-phone' Entered the value 'nCoup Control pharmacy QA' in field 'pharmacy-name-label-name' Entered the value 'DEA234' in field 'pharmacy-dea' Entered the value 'a1234' in field 'pharmacy-esign' Clicked the item: pharmacy-submit  </system-out>
  <testcase name="verifyPharmacy" time="8.927" classname="NostGroup.NostArtifact.TestCases.IDSFlow_M_R_PR"/>
  <system-out>
Selected the value 'Pharmacy in field 'organization-selection' Entered the value '28-SEP-07-20-PHARM-1-C' in field 'pharmacy-search-bar' Pharmacy '28-SEP-07-20-PHARM-1-C' found in the Pharmacy table  </system-out>
  <testcase name="addSupplier" time="21.598" classname="NostGroup.NostArtifact.TestCases.IDSFlow_M_R_PR"/>
  <system-out>
Clicked the item: organization Selected the value 'Supplier in field 'organization-selection' Clicked the item: supplier-add Entered the value '28-SEP-07-20-Supplier-1' in field 'supplier-name' Clicked the item: add-more-supplier1 Entered the value '28-SEP-07-20-Supplier-2' in field 'supplier-name-1' Clicked the item: add-more-supplier2 Entered the value '28-SEP-07-20-Supplier-3' in field 'supplier-name-2' Entered the value 'a1234' in field 'supplier-esign' Clicked the item: supplier-submit  </system-out>
  <testcase name="verifySupplier" time="11.241" classname="NostGroup.NostArtifact.TestCases.IDSFlow_M_R_PR"/>
  <system-out>
Selected the value 'Supplier in field 'organization-selection' Entered the value '28-SEP-07-20-Supplier-1' in field 'supplier-search-bar' Supplier '28-SEP-07-20-Supplier-1' found in the Supplier table  </system-out>
  <testcase name="addCatalog" time="15.855" classname="NostGroup.NostArtifact.TestCases.IDSFlow_M_R_PR"/>
  <system-out>
Clicked the item: add-drug Entered the value '28-SEP-07-20-Drg' in field 'drug-name' Selected the value 'Strength in field 'track-by' Entered the value '22.22' in field 'strength-concentration' Selected the value 'mEq in field 'unit-of-measure' Selected the value 'Enema in field 'formulation' Entered the value '28-SEP-07-20-Drg-dl1' in field 'drug-label-name' Entered the value '28-SEP-07-20-Drg-DID1' in field 'drug-id' Entered the value '28-SEP-07-20-Drg-nsc1' in field 'drug-nsc' Entered the value '28-SEP-07-20-Drg-adn1' in field 'alternative-drug-name' Clicked the item: set-defaults 'patient-specific-drug' is checked/ticked by default  Input is Yes for the field 'ivrs' and Checkbox is unchecked by default, now checked/ticked successfully Selected the value 'Yes in field 'to-be-linked' Selected the value 'Lot in field 'level-of-accountability' Selected the value 'Tube in field 'unit-type' Entered the value '48.0' in field 'qty-per-unit' Entered the value '28-SEP-07-20-Supplier-1' in field 'catalog-supplier-name' Selected the value 'Room Temperature in field 'storage-condition' Selected the value '28-SEP-07-20-PHARM-1-C in field 'pharmacy' Selected the value 'Location 2 in field 'storage-location' Selected the value 'twice daily in field 'frequency' Entered the value 'Take with water of 8oz, before food' in field 'dose-on-label' Selected the value 'Standard (w/ Lab) in field 'label-template' Entered the value '10.0' in field 'day-supply' Selected the value 'Take With Food in field 'aux-label1' Selected the value 'Shake Well in field 'aux-label2' Selected the value 'Refrigerate in field 'aux-label3' Selected the value 'Chemotherapy Drug in field 'aux-label4' Clicked the item: add-drug Entered the value '28-SEP-07-20-PROT' in field 'cat-prot-sear' Clicked the item: cat-prot-sear-ok Entered the value 'a1234' in field 'catalog-esign' Clicked the item: catalog-submit  </system-out>
  <testcase name="verifyCatalog" time="16.418" classname="NostGroup.NostArtifact.TestCases.IDSFlow_M_R_PR"/>
  <system-out>
Entered the value '28-SEP-07-20-Drg' in field 'catalog-tab-search' Catalog '28-SEP-07-20-Drg' found in the Catalog table  </system-out>
  <testcase name="addPatient" time="26.874" classname="NostGroup.NostArtifact.TestCases.IDSFlow_M_R_PR"/>
  <system-out>
Clicked the item: patient-menu Clicked the item: add-patient-to-protocol Entered the value '28-SEP-07-20-PAT1-1' in field 'patient-mrn' Entered the value '28-SEP-07-20-FN' in field 'patient-first-name' Entered the value '28-SEP-07-20-LN' in field 'patient-last-name' Selected the value 'Female in field 'patient-gender' Entered the value '11-10-1999' in field 'patient-dob' Selected the value 'Active in field 'patient-status' Entered the value '28-SEP-07-20-PROT' in field 'patient-protocol-id' Entered the value '28-SEP-07-20-PAT1-STY' in field 'patient-study-id'  </system-out>
  <testcase name="verifyPatient" time="7.438" classname="NostGroup.NostArtifact.TestCases.IDSFlow_M_R_PR"/>
  <system-out>
Entered the value '28-SEP-07-20-PAT1-1' in field 'patient-search-bar'  </system-out>
  <testcase name="commonReceive" time="4.232" classname="NostGroup.NostArtifact.TestCases.IDSFlow_M_R_PR">
    <error type="org.openqa.selenium.ElementClickInterceptedException" message="Element &lt;input id=&quot;plusDrugRc&quot; type=&quot;button&quot;&gt; is not clickable at point (1169,69) because another element &lt;div class=&quot;ui-widget-overlay&quot;&gt; obscures it
Build info: version: &#039;3.141.59&#039;, revision: &#039;e82be7d358&#039;, time: &#039;2018-11-14T08:17:03&#039;
System info: host: &#039;CSEKARAITHENT&#039;, ip: &#039;192.168.192.168&#039;, os.name: &#039;Windows 10&#039;, os.arch: &#039;amd64&#039;, os.version: &#039;10.0&#039;, java.version: &#039;1.8.0_112&#039;
Driver info: org.openqa.selenium.firefox.FirefoxDriver
Capabilities {acceptInsecureCerts: true, browserName: firefox, browserVersion: 81.0, javascriptEnabled: true, moz:accessibilityChecks: false, moz:buildID: 20200917005511, moz:geckodriverVersion: 0.27.0, moz:headless: false, moz:processID: 12388, moz:profile: C:\Users\Administrator\AppD..., moz:shutdownTimeout: 60000, moz:useNonSpecCompliantPointerOrigin: false, moz:webdriverClick: true, pageLoadStrategy: normal, platform: WINDOWS, platformName: WINDOWS, platformVersion: 10.0, rotatable: false, setWindowRect: true, strictFileInteractability: false, timeouts: {implicit: 0, pageLoad: 300000, script: 30000}, unhandledPromptBehavior: dismiss and notify}
Session ID: 4f88e77d-d129-42cb-8cd0-1d8ada1b7f80">
      <![CDATA[org.openqa.selenium.ElementClickInterceptedException: Element <input id="plusDrugRc" type="button"> is not clickable at point (1169,69) because another element <div class="ui-widget-overlay"> obscures it
Build info: version: '3.141.59', revision: 'e82be7d358', time: '2018-11-14T08:17:03'
System info: host: 'CSEKARAITHENT', ip: '192.168.192.168', os.name: 'Windows 10', os.arch: 'amd64', os.version: '10.0', java.version: '1.8.0_112'
Driver info: org.openqa.selenium.firefox.FirefoxDriver
Capabilities {acceptInsecureCerts: true, browserName: firefox, browserVersion: 81.0, javascriptEnabled: true, moz:accessibilityChecks: false, moz:buildID: 20200917005511, moz:geckodriverVersion: 0.27.0, moz:headless: false, moz:processID: 12388, moz:profile: C:\Users\Administrator\AppD..., moz:shutdownTimeout: 60000, moz:useNonSpecCompliantPointerOrigin: false, moz:webdriverClick: true, pageLoadStrategy: normal, platform: WINDOWS, platformName: WINDOWS, platformVersion: 10.0, rotatable: false, setWindowRect: true, strictFileInteractability: false, timeouts: {implicit: 0, pageLoad: 300000, script: 30000}, unhandledPromptBehavior: dismiss and notify}
Session ID: 4f88e77d-d129-42cb-8cd0-1d8ada1b7f80
at sun.reflect.NativeConstructorAccessorImpl.newInstance0(Native Method)
at sun.reflect.NativeConstructorAccessorImpl.newInstance(NativeConstructorAccessorImpl.java:62)
at sun.reflect.DelegatingConstructorAccessorImpl.newInstance(DelegatingConstructorAccessorImpl.java:45)
at java.lang.reflect.Constructor.newInstance(Constructor.java:423)
at org.openqa.selenium.remote.http.W3CHttpResponseCodec.createException(W3CHttpResponseCodec.java:187)
at org.openqa.selenium.remote.http.W3CHttpResponseCodec.decode(W3CHttpResponseCodec.java:122)
at org.openqa.selenium.remote.http.W3CHttpResponseCodec.decode(W3CHttpResponseCodec.java:49)
at org.openqa.selenium.remote.HttpCommandExecutor.execute(HttpCommandExecutor.java:158)
at org.openqa.selenium.remote.service.DriverCommandExecutor.execute(DriverCommandExecutor.java:83)
at org.openqa.selenium.remote.RemoteWebDriver.execute(RemoteWebDriver.java:552)
at org.openqa.selenium.remote.RemoteWebElement.execute(RemoteWebElement.java:285)
at org.openqa.selenium.remote.RemoteWebElement.click(RemoteWebElement.java:84)
at NostGroup.NostArtifact.Base.CommonMethods.click(CommonMethods.java:81)
at NostGroup.NostArtifact.Receive.Receive.receiveCommon(Receive.java:44)
at NostGroup.NostArtifact.TestCases.IDSFlow_M_R_PR.commonReceive(IDSFlow_M_R_PR.java:105)
at sun.reflect.NativeMethodAccessorImpl.invoke0(Native Method)
at sun.reflect.NativeMethodAccessorImpl.invoke(NativeMethodAccessorImpl.java:62)
at sun.reflect.DelegatingMethodAccessorImpl.invoke(DelegatingMethodAccessorImpl.java:43)
at java.lang.reflect.Method.invoke(Method.java:498)
at org.testng.internal.MethodInvocationHelper.invokeMethod(MethodInvocationHelper.java:134)
at org.testng.internal.TestInvoker.invokeMethod(TestInvoker.java:597)
at org.testng.internal.TestInvoker.invokeTestMethod(TestInvoker.java:173)
at org.testng.internal.MethodRunner.runInSequence(MethodRunner.java:46)
at org.testng.internal.TestInvoker$MethodInvocationAgent.invoke(TestInvoker.java:816)
at org.testng.internal.TestInvoker.invokeTestMethods(TestInvoker.java:146)
at org.testng.internal.TestMethodWorker.invokeTestMethods(TestMethodWorker.java:146)
at org.testng.internal.TestMethodWorker.run(TestMethodWorker.java:128)
at java.util.ArrayList.forEach(ArrayList.java:1249)
at org.testng.TestRunner.privateRun(TestRunner.java:766)
at org.testng.TestRunner.run(TestRunner.java:587)
at org.testng.SuiteRunner.runTest(SuiteRunner.java:384)
at org.testng.SuiteRunner.runSequentially(SuiteRunner.java:378)
at org.testng.SuiteRunner.privateRun(SuiteRunner.java:337)
at org.testng.SuiteRunner.run(SuiteRunner.java:286)
at org.testng.SuiteRunnerWorker.runSuite(SuiteRunnerWorker.java:53)
at org.testng.SuiteRunnerWorker.run(SuiteRunnerWorker.java:96)
at org.testng.TestNG.runSuitesSequentially(TestNG.java:1187)
at org.testng.TestNG.runSuitesLocally(TestNG.java:1109)
at org.testng.TestNG.runSuites(TestNG.java:1039)
at org.testng.TestNG.run(TestNG.java:1007)
at org.testng.remote.AbstractRemoteTestNG.run(AbstractRemoteTestNG.java:115)
at org.testng.remote.RemoteTestNG.initAndRun(RemoteTestNG.java:251)
at org.testng.remote.RemoteTestNG.main(RemoteTestNG.java:77)
]]>
    </error>
  </testcase> <!-- commonReceive -->
  <system-out>
<br>commonReceive: Failed <br> <a target="_blank" href="D:\Jagan\NostAuto\NostCore\NostArtifact\Screenshots\Screenshot_Mon_Sep_28_16_59_08_IST_2020.jpg">ScreenShot</a> <br>  </system-out>
  <testcase name="submitqueueReceive" time="0.000" classname="NostGroup.NostArtifact.TestCases.IDSFlow_M_R_PR">
    <skipped/>
  </testcase> <!-- submitqueueReceive -->
  <system-out/>
  <testcase name="commonTransferToPharmacy" time="0.000" classname="NostGroup.NostArtifact.TestCases.IDSFlow_M_R_PR">
    <skipped/>
  </testcase> <!-- commonTransferToPharmacy -->
  <system-out/>
  <testcase name="addDispense" time="0.000" classname="NostGroup.NostArtifact.TestCases.IDSFlow_M_R_PR">
    <skipped/>
  </testcase> <!-- addDispense -->
  <system-out/>
</testsuite> <!-- NostGroup.NostArtifact.TestCases.IDSFlow_M_R_PR -->
