<?xml version="1.0" encoding="UTF-8"?>
<!-- Generated by org.testng.reporters.JUnitReportReporter -->
<testsuite skipped="0" hostname="CsekarAithent" name="NostGroup.NostArtifact.TestCases.IDSFlow_Indivi_M" tests="3" failures="0" timestamp="2021-03-17T16:56:28 IST" time="54.430" errors="0">
  <testcase name="nostLogin" time="10.646" classname="NostGroup.NostArtifact.TestCases.IDSFlow_Indivi_M"/>
  <system-out>
Starting to Login.... Entered the value 'admin' in field 'username' Entered the value 'aithentchn' in field 'password' Clicked the item: login-button  </system-out>
  <testcase name="addCatalog" time="26.737" classname="NostGroup.NostArtifact.TestCases.IDSFlow_Indivi_M"/>
  <system-out>
Clicked the item: add-drug Entered the value '17-Mar-21-04-Drg-02' in field 'drug-name' Selected the value 'Strength in field 'track-by' Entered the value '22.22' in field 'strength-concentration' Selected the value 'mEq in field 'unit-of-measure' Selected the value 'Enema in field 'formulation' Entered the value '17-Mar-21-04-Drg-02-dl1' in field 'drug-label-name' Entered the value '17-Mar-21-04-Drg-02-DID1' in field 'drug-id' Entered the value '17-Mar-21-04-Drg-02-nsc1' in field 'drug-nsc' Entered the value '17-Mar-21-04-Drg-02-adn1' in field 'alternative-drug-name' Clicked the item: set-defaults 'patient-specific-drug' is checked/ticked by default  Input is Yes for the field 'ivrs' and Checkbox is unchecked by default, now checked/ticked successfully Selected the value 'Yes in field 'to-be-linked' Selected the value 'Lot in field 'level-of-accountability' Selected the value 'Tube in field 'unit-type' Entered the value '48.0' in field 'qty-per-unit' Entered the value '17-Mar-21-04-Supplier-1' in field 'catalog-supplier-name' Selected the value 'Room Temperature in field 'storage-condition' Selected the value '17-Mar-21-04-PHARM-1-C in field 'pharmacy' Selected the value 'Location 2 in field 'storage-location' Selected the value 'twice daily in field 'frequency' Entered the value 'Take with water of 8oz, before food' in field 'dose-on-label' Selected the value 'Standard (w/ Lab) in field 'label-template' Entered the value '10.0' in field 'day-supply' Clicked the item: add-drug Entered the value '17-Mar-21-04-PROT' in field 'cat-prot-sear' Clicked the item: cat-prot-sear-ok Entered the value 'a1234' in field 'catalog-esign' Clicked the item: catalog-submit  </system-out>
  <testcase name="verifyCatalog" time="17.047" classname="NostGroup.NostArtifact.TestCases.IDSFlow_Indivi_M"/>
  <system-out>
Entered the value '17-Mar-21-04-Drg-02' in field 'catalog-tab-search' Catalog '17-Mar-21-04-Drg-02' found in the Catalog table  </system-out>
</testsuite> <!-- NostGroup.NostArtifact.TestCases.IDSFlow_Indivi_M -->
