<?xml version="1.0" encoding="UTF-8"?>
<!-- Generated by org.testng.reporters.JUnitReportReporter -->
<testsuite skipped="0" hostname="CsekarAithent" name="NostGroup.NostArtifact.Manage.AddPharmacy" tests="1" failures="0" timestamp="2020-05-26T18:19:02 IST" time="13.744" errors="0">
  <testcase name="addPharmacy" time="13.744" classname="NostGroup.NostArtifact.Manage.AddPharmacy"/>
  <system-out/>
</testsuite> <!-- NostGroup.NostArtifact.Manage.AddPharmacy -->
