<?xml version="1.0" encoding="UTF-8"?>
<!-- Generated by org.testng.reporters.JUnitReportReporter -->
<testsuite skipped="0" hostname="CsekarAithent" name="NostGroup.NostArtifact.TestCases.NostloginCase" tests="2" failures="0" timestamp="2020-07-24T17:47:52 IST" time="17.751" errors="0">
  <testcase name="nostLogin" time="3.209" classname="NostGroup.NostArtifact.TestCases.NostloginCase"/>
  <system-out>
Starting to Login.... Entered the value 'admin' in field 'username' Entered the value 'Velos321' in field 'password' Clicked the item: login-button  </system-out>
  <testcase name="verifySupplier" time="14.542" classname="NostGroup.NostArtifact.TestCases.NostloginCase"/>
  <system-out>
Clicked the item: organization Selected the value 'Supplier in field 'organization-selection' Entered the value '20-JUL-07-Supplier-1' in field 'supplier-search-bar' Supplier '20-JUL-07-Supplier-1' found in the Supplier table  </system-out>
</testsuite> <!-- NostGroup.NostArtifact.TestCases.NostloginCase -->
