<?xml version="1.0" encoding="UTF-8"?>
<!-- Generated by org.testng.reporters.JUnitReportReporter -->
<testsuite skipped="0" hostname="CsekarAithent" name="NostGroup.NostArtifact.TestCases.PatientCase" tests="2" failures="0" timestamp="2020-09-12T07:27:42 IST" time="35.699" errors="0">
  <testcase name="nostLogin" time="4.423" classname="NostGroup.NostArtifact.TestCases.PatientCase"/>
  <system-out>
Starting to Login.... Entered the value 'admin' in field 'username' Entered the value 'Velos321' in field 'password' Clicked the item: login-button  </system-out>
  <testcase name="addPatient" time="31.276" classname="NostGroup.NostArtifact.TestCases.PatientCase"/>
  <system-out>
Clicked the item: patient-menu Clicked the item: add-patient-to-protocol Entered the value '11-SEP-05-20-PAT1-1' in field 'patient-mrn' Entered the value '11-SEP-05-20-FN' in field 'patient-first-name' Entered the value '11-SEP-05-20-LN' in field 'patient-last-name' Selected the value 'Female in field 'patient-gender' Entered the value '11-10-1999' in field 'patient-dob' Selected the value 'Active in field 'patient-status' Entered the value '11-SEP-05-20-PROT' in field 'patient-protocol-id' Entered the value '11-SEP-05-20-PAT1-STY' in field 'patient-study-id' Entered the value '39.87' in field 'cohort-dose-level' Clicked the item: add-contact-info Entered the value '11.0' in field 'address-1' Entered the value '2nd Street' in field 'address-2' Entered the value 'Chennai' in field 'city' Entered the value 'Tamil Nadu' in field 'state' Entered the value '123456.0' in field 'zip-postal-code' Entered the value 'India' in field 'country' Entered the value '098-098-978765' in field 'home-phone' Entered the value '7297932-899' in field 'work-phone' Entered the value 'ncoup@ncoup.com' in field 'email' Entered the value 'PID-002' in field 'pid' Entered the value 'a1234' in field 'patient-esgin' Clicked the item: patient-submit  </system-out>
</testsuite> <!-- NostGroup.NostArtifact.TestCases.PatientCase -->
