<?xml version="1.0" encoding="UTF-8"?>
<!-- Generated by org.testng.reporters.JUnitReportReporter -->
<testsuite skipped="0" hostname="CsekarAithent" name="NostGroup.NostArtifact.Manage.AddProtocol" tests="2" failures="0" timestamp="2020-05-26T18:19:02 IST" time="25.196" errors="0">
  <testcase name="addProtocol" time="25.190" classname="NostGroup.NostArtifact.Manage.AddProtocol"/>
  <system-out/>
  <testcase name="editProtocol" time="0.006" classname="NostGroup.NostArtifact.Manage.AddProtocol"/>
  <system-out/>
</testsuite> <!-- NostGroup.NostArtifact.Manage.AddProtocol -->
