<?xml version="1.0" encoding="UTF-8"?>
<!-- Generated by org.testng.reporters.JUnitReportReporter -->
<testsuite skipped="0" hostname="CsekarAithent" name="NostGroup.NostArtifact.TestCases.NostloginCase" tests="1" failures="0" timestamp="2020-06-18T20:19:41 IST" time="5.622" errors="0">
  <testcase name="nostLogin" time="5.622" classname="NostGroup.NostArtifact.TestCases.NostloginCase"/>
  <system-out>
Starting to Login.... Entered the value 'admin' in field 'username' Entered the value 'ncoup' in field 'password' Clicked the item: login-button  </system-out>
</testsuite> <!-- NostGroup.NostArtifact.TestCases.NostloginCase -->
