<?xml version="1.0" encoding="UTF-8"?>
<!-- Generated by org.testng.reporters.JUnitReportReporter -->
<testsuite skipped="0" hostname="CsekarAithent" name="NostGroup.NostArtifact.TestCases.Mainte_Creation" tests="6" failures="0" timestamp="2020-07-09T16:48:43 IST" time="61.563" errors="4">
  <testcase name="nostLogin" time="6.512" classname="NostGroup.NostArtifact.TestCases.Mainte_Creation"/>
  <system-out>
Starting to Login.... Entered the value 'admin' in field 'username' Entered the value 'ncoup123' in field 'password' Clicked the item: login-button  </system-out>
  <testcase name="addProtocol" time="27.259" classname="NostGroup.NostArtifact.TestCases.Mainte_Creation"/>
  <system-out>
Clicked the item: protocol Clicked the item: add-protocol Entered the value '08-JUL-1-20-PROT' in field 'protocol-id' Entered the value '08-JUL-1-20-PROT-Title' in field 'protocol-title' Selected the value 'CNPE in field 'protocol-status' Selected the value 'Active in field 'pharmacy-status' Entered the value '08-JUL-1-20-PROT-SPID' in field 'sponsor-protocol-id' Entered the value '08-JUL-1-20-PROT-SP' in field 'protocol-sponsor' Entered the value 'STN002' in field 'site-number' Selected the value 'Phase 2 in field 'protocol-phase' Selected the value 'Leukemia in field 'disease-program' Selected the value 'Both in field 'service' Selected the value 'Industry in field 'study-source' Selected the value 'Open label in field 'protocol-type' Entered the value 'IRB-Z001' in field 'internal-irb' Entered the value 'EIRB-Z100' in field 'external-irb' Selected the value 'Genetics in field 'protocol-category' Clicked the item: staff Entered the value 'nCoup-PI-FN' in field 'pi-first-name' Entered the value 'nCoup-PI-LN' in field 'pi-last-name' Entered the value 'Inv-ID-01' in field 'investigator-id' Entered the value '10-10-2020' in field 'id-expiration' Entered the value 'Opt-Ins-nCoup' in field 'opt-pi-institution' Entered the value 'Op-Ins-FN' in field 'opt-pi-first-name' Entered the value 'OP-Ins-LN' in field 'opt-pi-last-name' Entered the value 'Op-Inv-ID-02' in field 'opt-investigator-id' Entered the value '10-10-2020' in field 'opt-id-expiration' Entered the value 'Study contact comments' in field 'study-contact' Clicked the item: key-dates Entered the value '04-01-2020' in field 'protocol-phase-start-date' Entered the value '05-01-2020' in field 'closed-to-new-patients' Entered the value '06-01-2020' in field 'protocol-closure-date' Entered the value 'Protocol Study completed' in field 'reason-for-closure' Entered the value '06-10-2020' in field 'protocol-completion-date' Clicked the item: notifications Entered the value 'Receive Notifications' in field 'not-receive' Entered the value 'Transfer Notifications' in field 'not-transfer' Entered the value 'Dispense Notifications' in field 'not-dispense' Entered the value 'Destroy Notifications' in field 'not-destroy' Entered the value 'Return Notifications' in field 'not-return' Entered the value 'a1234' in field 'protocol-esign' Clicked the item: protocol-submit  </system-out>
  <testcase name="addPharmacy" time="3.205" classname="NostGroup.NostArtifact.TestCases.Mainte_Creation">
    <error type="org.openqa.selenium.ElementNotInteractableException" message="Element &lt;a href=&quot;javascript:menuActionMethod(&#039;Manage&#039;,&#039;loadPharmDetails.action&#039;);&quot;&gt; could not be scrolled into view
Build info: version: &#039;3.141.59&#039;, revision: &#039;e82be7d358&#039;, time: &#039;2018-11-14T08:17:03&#039;
System info: host: &#039;CSEKARAITHENT&#039;, ip: &#039;192.168.195.14&#039;, os.name: &#039;Windows 10&#039;, os.arch: &#039;amd64&#039;, os.version: &#039;10.0&#039;, java.version: &#039;1.8.0_112&#039;
Driver info: org.openqa.selenium.firefox.FirefoxDriver
Capabilities {acceptInsecureCerts: true, browserName: firefox, browserVersion: 78.0.1, javascriptEnabled: true, moz:accessibilityChecks: false, moz:buildID: 20200630195452, moz:geckodriverVersion: 0.26.0, moz:headless: false, moz:processID: 3452, moz:profile: C:\Users\Administrator\AppD..., moz:shutdownTimeout: 60000, moz:useNonSpecCompliantPointerOrigin: false, moz:webdriverClick: true, pageLoadStrategy: normal, platform: WINDOWS, platformName: WINDOWS, platformVersion: 10.0, rotatable: false, setWindowRect: true, strictFileInteractability: false, timeouts: {implicit: 0, pageLoad: 300000, script: 30000}, unhandledPromptBehavior: dismiss and notify}
Session ID: b1492b24-36bd-4715-8c5c-1c0b58f036a0">
      <![CDATA[org.openqa.selenium.ElementNotInteractableException: Element <a href="javascript:menuActionMethod('Manage','loadPharmDetails.action');"> could not be scrolled into view
Build info: version: '3.141.59', revision: 'e82be7d358', time: '2018-11-14T08:17:03'
System info: host: 'CSEKARAITHENT', ip: '192.168.195.14', os.name: 'Windows 10', os.arch: 'amd64', os.version: '10.0', java.version: '1.8.0_112'
Driver info: org.openqa.selenium.firefox.FirefoxDriver
Capabilities {acceptInsecureCerts: true, browserName: firefox, browserVersion: 78.0.1, javascriptEnabled: true, moz:accessibilityChecks: false, moz:buildID: 20200630195452, moz:geckodriverVersion: 0.26.0, moz:headless: false, moz:processID: 3452, moz:profile: C:\Users\Administrator\AppD..., moz:shutdownTimeout: 60000, moz:useNonSpecCompliantPointerOrigin: false, moz:webdriverClick: true, pageLoadStrategy: normal, platform: WINDOWS, platformName: WINDOWS, platformVersion: 10.0, rotatable: false, setWindowRect: true, strictFileInteractability: false, timeouts: {implicit: 0, pageLoad: 300000, script: 30000}, unhandledPromptBehavior: dismiss and notify}
Session ID: b1492b24-36bd-4715-8c5c-1c0b58f036a0
at sun.reflect.NativeConstructorAccessorImpl.newInstance0(Native Method)
at sun.reflect.NativeConstructorAccessorImpl.newInstance(NativeConstructorAccessorImpl.java:62)
at sun.reflect.DelegatingConstructorAccessorImpl.newInstance(DelegatingConstructorAccessorImpl.java:45)
at java.lang.reflect.Constructor.newInstance(Constructor.java:423)
at org.openqa.selenium.remote.http.W3CHttpResponseCodec.createException(W3CHttpResponseCodec.java:187)
at org.openqa.selenium.remote.http.W3CHttpResponseCodec.decode(W3CHttpResponseCodec.java:122)
at org.openqa.selenium.remote.http.W3CHttpResponseCodec.decode(W3CHttpResponseCodec.java:49)
at org.openqa.selenium.remote.HttpCommandExecutor.execute(HttpCommandExecutor.java:158)
at org.openqa.selenium.remote.service.DriverCommandExecutor.execute(DriverCommandExecutor.java:83)
at org.openqa.selenium.remote.RemoteWebDriver.execute(RemoteWebDriver.java:552)
at org.openqa.selenium.remote.RemoteWebElement.execute(RemoteWebElement.java:285)
at org.openqa.selenium.remote.RemoteWebElement.click(RemoteWebElement.java:84)
at NostGroup.NostArtifact.Base.CommonMethods.click(CommonMethods.java:81)
at NostGroup.NostArtifact.Manage.Pharmacy.addPharmacy(Pharmacy.java:29)
at NostGroup.NostArtifact.TestCases.Mainte_Creation.addPharmacy(Mainte_Creation.java:37)
at sun.reflect.NativeMethodAccessorImpl.invoke0(Native Method)
at sun.reflect.NativeMethodAccessorImpl.invoke(NativeMethodAccessorImpl.java:62)
at sun.reflect.DelegatingMethodAccessorImpl.invoke(DelegatingMethodAccessorImpl.java:43)
at java.lang.reflect.Method.invoke(Method.java:498)
at org.testng.internal.MethodInvocationHelper.invokeMethod(MethodInvocationHelper.java:134)
at org.testng.internal.TestInvoker.invokeMethod(TestInvoker.java:597)
at org.testng.internal.TestInvoker.invokeTestMethod(TestInvoker.java:173)
at org.testng.internal.MethodRunner.runInSequence(MethodRunner.java:46)
at org.testng.internal.TestInvoker$MethodInvocationAgent.invoke(TestInvoker.java:816)
at org.testng.internal.TestInvoker.invokeTestMethods(TestInvoker.java:146)
at org.testng.internal.TestMethodWorker.invokeTestMethods(TestMethodWorker.java:146)
at org.testng.internal.TestMethodWorker.run(TestMethodWorker.java:128)
at java.util.ArrayList.forEach(ArrayList.java:1249)
at org.testng.TestRunner.privateRun(TestRunner.java:766)
at org.testng.TestRunner.run(TestRunner.java:587)
at org.testng.SuiteRunner.runTest(SuiteRunner.java:384)
at org.testng.SuiteRunner.runSequentially(SuiteRunner.java:378)
at org.testng.SuiteRunner.privateRun(SuiteRunner.java:337)
at org.testng.SuiteRunner.run(SuiteRunner.java:286)
at org.testng.SuiteRunnerWorker.runSuite(SuiteRunnerWorker.java:53)
at org.testng.SuiteRunnerWorker.run(SuiteRunnerWorker.java:96)
at org.testng.TestNG.runSuitesSequentially(TestNG.java:1187)
at org.testng.TestNG.runSuitesLocally(TestNG.java:1109)
at org.testng.TestNG.runSuites(TestNG.java:1039)
at org.testng.TestNG.run(TestNG.java:1007)
at org.testng.remote.AbstractRemoteTestNG.run(AbstractRemoteTestNG.java:115)
at org.testng.remote.RemoteTestNG.initAndRun(RemoteTestNG.java:251)
at org.testng.remote.RemoteTestNG.main(RemoteTestNG.java:77)
]]>
    </error>
  </testcase> <!-- addPharmacy -->
  <system-out>
<br>addPharmacy: Failed <br> <a target="_blank" href="D:\Jagan\NostAuto\NostCore\NostArtifact\Screenshots\Screenshot_Thu_Jul_09_16_48_06_IST_2020.jpg">ScreenShot</a> <br>  </system-out>
  <testcase name="addSupplier" time="2.269" classname="NostGroup.NostArtifact.TestCases.Mainte_Creation">
    <error type="org.openqa.selenium.ElementNotInteractableException" message="Element &lt;a href=&quot;javascript:menuActionMethod(&#039;Manage&#039;,&#039;loadPharmDetails.action&#039;);&quot;&gt; could not be scrolled into view
Build info: version: &#039;3.141.59&#039;, revision: &#039;e82be7d358&#039;, time: &#039;2018-11-14T08:17:03&#039;
System info: host: &#039;CSEKARAITHENT&#039;, ip: &#039;192.168.195.14&#039;, os.name: &#039;Windows 10&#039;, os.arch: &#039;amd64&#039;, os.version: &#039;10.0&#039;, java.version: &#039;1.8.0_112&#039;
Driver info: org.openqa.selenium.firefox.FirefoxDriver
Capabilities {acceptInsecureCerts: true, browserName: firefox, browserVersion: 78.0.1, javascriptEnabled: true, moz:accessibilityChecks: false, moz:buildID: 20200630195452, moz:geckodriverVersion: 0.26.0, moz:headless: false, moz:processID: 3452, moz:profile: C:\Users\Administrator\AppD..., moz:shutdownTimeout: 60000, moz:useNonSpecCompliantPointerOrigin: false, moz:webdriverClick: true, pageLoadStrategy: normal, platform: WINDOWS, platformName: WINDOWS, platformVersion: 10.0, rotatable: false, setWindowRect: true, strictFileInteractability: false, timeouts: {implicit: 0, pageLoad: 300000, script: 30000}, unhandledPromptBehavior: dismiss and notify}
Session ID: b1492b24-36bd-4715-8c5c-1c0b58f036a0">
      <![CDATA[org.openqa.selenium.ElementNotInteractableException: Element <a href="javascript:menuActionMethod('Manage','loadPharmDetails.action');"> could not be scrolled into view
Build info: version: '3.141.59', revision: 'e82be7d358', time: '2018-11-14T08:17:03'
System info: host: 'CSEKARAITHENT', ip: '192.168.195.14', os.name: 'Windows 10', os.arch: 'amd64', os.version: '10.0', java.version: '1.8.0_112'
Driver info: org.openqa.selenium.firefox.FirefoxDriver
Capabilities {acceptInsecureCerts: true, browserName: firefox, browserVersion: 78.0.1, javascriptEnabled: true, moz:accessibilityChecks: false, moz:buildID: 20200630195452, moz:geckodriverVersion: 0.26.0, moz:headless: false, moz:processID: 3452, moz:profile: C:\Users\Administrator\AppD..., moz:shutdownTimeout: 60000, moz:useNonSpecCompliantPointerOrigin: false, moz:webdriverClick: true, pageLoadStrategy: normal, platform: WINDOWS, platformName: WINDOWS, platformVersion: 10.0, rotatable: false, setWindowRect: true, strictFileInteractability: false, timeouts: {implicit: 0, pageLoad: 300000, script: 30000}, unhandledPromptBehavior: dismiss and notify}
Session ID: b1492b24-36bd-4715-8c5c-1c0b58f036a0
at sun.reflect.NativeConstructorAccessorImpl.newInstance0(Native Method)
at sun.reflect.NativeConstructorAccessorImpl.newInstance(NativeConstructorAccessorImpl.java:62)
at sun.reflect.DelegatingConstructorAccessorImpl.newInstance(DelegatingConstructorAccessorImpl.java:45)
at java.lang.reflect.Constructor.newInstance(Constructor.java:423)
at org.openqa.selenium.remote.http.W3CHttpResponseCodec.createException(W3CHttpResponseCodec.java:187)
at org.openqa.selenium.remote.http.W3CHttpResponseCodec.decode(W3CHttpResponseCodec.java:122)
at org.openqa.selenium.remote.http.W3CHttpResponseCodec.decode(W3CHttpResponseCodec.java:49)
at org.openqa.selenium.remote.HttpCommandExecutor.execute(HttpCommandExecutor.java:158)
at org.openqa.selenium.remote.service.DriverCommandExecutor.execute(DriverCommandExecutor.java:83)
at org.openqa.selenium.remote.RemoteWebDriver.execute(RemoteWebDriver.java:552)
at org.openqa.selenium.remote.RemoteWebElement.execute(RemoteWebElement.java:285)
at org.openqa.selenium.remote.RemoteWebElement.click(RemoteWebElement.java:84)
at NostGroup.NostArtifact.Base.CommonMethods.click(CommonMethods.java:81)
at NostGroup.NostArtifact.Manage.Supplier.addSupplier(Supplier.java:27)
at NostGroup.NostArtifact.TestCases.Mainte_Creation.addSupplier(Mainte_Creation.java:43)
at sun.reflect.NativeMethodAccessorImpl.invoke0(Native Method)
at sun.reflect.NativeMethodAccessorImpl.invoke(NativeMethodAccessorImpl.java:62)
at sun.reflect.DelegatingMethodAccessorImpl.invoke(DelegatingMethodAccessorImpl.java:43)
at java.lang.reflect.Method.invoke(Method.java:498)
at org.testng.internal.MethodInvocationHelper.invokeMethod(MethodInvocationHelper.java:134)
at org.testng.internal.TestInvoker.invokeMethod(TestInvoker.java:597)
at org.testng.internal.TestInvoker.invokeTestMethod(TestInvoker.java:173)
at org.testng.internal.MethodRunner.runInSequence(MethodRunner.java:46)
at org.testng.internal.TestInvoker$MethodInvocationAgent.invoke(TestInvoker.java:816)
at org.testng.internal.TestInvoker.invokeTestMethods(TestInvoker.java:146)
at org.testng.internal.TestMethodWorker.invokeTestMethods(TestMethodWorker.java:146)
at org.testng.internal.TestMethodWorker.run(TestMethodWorker.java:128)
at java.util.ArrayList.forEach(ArrayList.java:1249)
at org.testng.TestRunner.privateRun(TestRunner.java:766)
at org.testng.TestRunner.run(TestRunner.java:587)
at org.testng.SuiteRunner.runTest(SuiteRunner.java:384)
at org.testng.SuiteRunner.runSequentially(SuiteRunner.java:378)
at org.testng.SuiteRunner.privateRun(SuiteRunner.java:337)
at org.testng.SuiteRunner.run(SuiteRunner.java:286)
at org.testng.SuiteRunnerWorker.runSuite(SuiteRunnerWorker.java:53)
at org.testng.SuiteRunnerWorker.run(SuiteRunnerWorker.java:96)
at org.testng.TestNG.runSuitesSequentially(TestNG.java:1187)
at org.testng.TestNG.runSuitesLocally(TestNG.java:1109)
at org.testng.TestNG.runSuites(TestNG.java:1039)
at org.testng.TestNG.run(TestNG.java:1007)
at org.testng.remote.AbstractRemoteTestNG.run(AbstractRemoteTestNG.java:115)
at org.testng.remote.RemoteTestNG.initAndRun(RemoteTestNG.java:251)
at org.testng.remote.RemoteTestNG.main(RemoteTestNG.java:77)
]]>
    </error>
  </testcase> <!-- addSupplier -->
  <system-out>
<br>addSupplier: Failed <br> <a target="_blank" href="D:\Jagan\NostAuto\NostCore\NostArtifact\Screenshots\Screenshot_Thu_Jul_09_16_48_13_IST_2020.jpg">ScreenShot</a> <br>  </system-out>
  <testcase name="addCatalog" time="19.056" classname="NostGroup.NostArtifact.TestCases.Mainte_Creation">
    <error type="org.openqa.selenium.NoSuchElementException" message="Cannot locate element with text: 08-JUL-1-20-Pharm1-C
For documentation on this error, please visit: https://www.seleniumhq.org/exceptions/no_such_element.html
Build info: version: &#039;3.141.59&#039;, revision: &#039;e82be7d358&#039;, time: &#039;2018-11-14T08:17:03&#039;
System info: host: &#039;CSEKARAITHENT&#039;, ip: &#039;192.168.195.14&#039;, os.name: &#039;Windows 10&#039;, os.arch: &#039;amd64&#039;, os.version: &#039;10.0&#039;, java.version: &#039;1.8.0_112&#039;
Driver info: driver.version: unknown">
      <![CDATA[org.openqa.selenium.NoSuchElementException: Cannot locate element with text: 08-JUL-1-20-Pharm1-C
For documentation on this error, please visit: https://www.seleniumhq.org/exceptions/no_such_element.html
Build info: version: '3.141.59', revision: 'e82be7d358', time: '2018-11-14T08:17:03'
System info: host: 'CSEKARAITHENT', ip: '192.168.195.14', os.name: 'Windows 10', os.arch: 'amd64', os.version: '10.0', java.version: '1.8.0_112'
Driver info: driver.version: unknown
at org.openqa.selenium.support.ui.Select.selectByVisibleText(Select.java:147)
at NostGroup.NostArtifact.Base.CommonMethods.selectText(CommonMethods.java:132)
at NostGroup.NostArtifact.Manage.Catalog.addDrug(Catalog.java:65)
at NostGroup.NostArtifact.TestCases.Mainte_Creation.addCatalog(Mainte_Creation.java:50)
at sun.reflect.NativeMethodAccessorImpl.invoke0(Native Method)
at sun.reflect.NativeMethodAccessorImpl.invoke(NativeMethodAccessorImpl.java:62)
at sun.reflect.DelegatingMethodAccessorImpl.invoke(DelegatingMethodAccessorImpl.java:43)
at java.lang.reflect.Method.invoke(Method.java:498)
at org.testng.internal.MethodInvocationHelper.invokeMethod(MethodInvocationHelper.java:134)
at org.testng.internal.TestInvoker.invokeMethod(TestInvoker.java:597)
at org.testng.internal.TestInvoker.invokeTestMethod(TestInvoker.java:173)
at org.testng.internal.MethodRunner.runInSequence(MethodRunner.java:46)
at org.testng.internal.TestInvoker$MethodInvocationAgent.invoke(TestInvoker.java:816)
at org.testng.internal.TestInvoker.invokeTestMethods(TestInvoker.java:146)
at org.testng.internal.TestMethodWorker.invokeTestMethods(TestMethodWorker.java:146)
at org.testng.internal.TestMethodWorker.run(TestMethodWorker.java:128)
at java.util.ArrayList.forEach(ArrayList.java:1249)
at org.testng.TestRunner.privateRun(TestRunner.java:766)
at org.testng.TestRunner.run(TestRunner.java:587)
at org.testng.SuiteRunner.runTest(SuiteRunner.java:384)
at org.testng.SuiteRunner.runSequentially(SuiteRunner.java:378)
at org.testng.SuiteRunner.privateRun(SuiteRunner.java:337)
at org.testng.SuiteRunner.run(SuiteRunner.java:286)
at org.testng.SuiteRunnerWorker.runSuite(SuiteRunnerWorker.java:53)
at org.testng.SuiteRunnerWorker.run(SuiteRunnerWorker.java:96)
at org.testng.TestNG.runSuitesSequentially(TestNG.java:1187)
at org.testng.TestNG.runSuitesLocally(TestNG.java:1109)
at org.testng.TestNG.runSuites(TestNG.java:1039)
at org.testng.TestNG.run(TestNG.java:1007)
at org.testng.remote.AbstractRemoteTestNG.run(AbstractRemoteTestNG.java:115)
at org.testng.remote.RemoteTestNG.initAndRun(RemoteTestNG.java:251)
at org.testng.remote.RemoteTestNG.main(RemoteTestNG.java:77)
]]>
    </error>
  </testcase> <!-- addCatalog -->
  <system-out>
Clicked the item: add-drug Entered the value '08-JUL-1-20-Drg-Unit' in field 'drug-name' Selected the value 'Strength in field 'track-by' Entered the value '22.22' in field 'strength-concentration' Selected the value 'mEq in field 'unit-of-measure' Selected the value 'Enema in field 'formulation' Entered the value '08-JUL-1-20-Drg-dl1' in field 'drug-label-name' Entered the value '08-JUL-1-20-Drg-id1' in field 'drug-id' Entered the value '08-JUL-1-20-Drg-nsc1' in field 'drug-nsc' Entered the value '08-JUL-1-20-Drg-adn1' in field 'alternative-drug-name' Clicked the item: set-defaults 'patient-specific-drug' is checked/ticked by default  Input is Yes for the field 'ivrs' and Checkbox is unchecked by default, now checked/ticked successfully Selected the value 'Yes in field 'to-be-linked' Selected the value 'Unit in field 'level-of-accountability' Selected the value 'Tube in field 'unit-type' Entered the value '48.0' in field 'qty-per-unit' Entered the value '08-JUL-1-Supplier-1' in field 'catalog-supplier-name' Selected the value 'Refrigerator in field 'storage-condition' <br>addCatalog: Failed <br> <a target="_blank" href="D:\Jagan\NostAuto\NostCore\NostArtifact\Screenshots\Screenshot_Thu_Jul_09_16_48_35_IST_2020.jpg">ScreenShot</a> <br>  </system-out>
  <testcase name="addPatient" time="3.262" classname="NostGroup.NostArtifact.TestCases.Mainte_Creation">
    <error type="org.openqa.selenium.ElementNotInteractableException" message="Element &lt;a href=&quot;javascript:menuMethod(&#039;Manage&#039;,&#039;pages/jsp/manage/Manage_Patient.jsp&#039;);&quot;&gt; could not be scrolled into view
Build info: version: &#039;3.141.59&#039;, revision: &#039;e82be7d358&#039;, time: &#039;2018-11-14T08:17:03&#039;
System info: host: &#039;CSEKARAITHENT&#039;, ip: &#039;192.168.195.14&#039;, os.name: &#039;Windows 10&#039;, os.arch: &#039;amd64&#039;, os.version: &#039;10.0&#039;, java.version: &#039;1.8.0_112&#039;
Driver info: org.openqa.selenium.firefox.FirefoxDriver
Capabilities {acceptInsecureCerts: true, browserName: firefox, browserVersion: 78.0.1, javascriptEnabled: true, moz:accessibilityChecks: false, moz:buildID: 20200630195452, moz:geckodriverVersion: 0.26.0, moz:headless: false, moz:processID: 3452, moz:profile: C:\Users\Administrator\AppD..., moz:shutdownTimeout: 60000, moz:useNonSpecCompliantPointerOrigin: false, moz:webdriverClick: true, pageLoadStrategy: normal, platform: WINDOWS, platformName: WINDOWS, platformVersion: 10.0, rotatable: false, setWindowRect: true, strictFileInteractability: false, timeouts: {implicit: 0, pageLoad: 300000, script: 30000}, unhandledPromptBehavior: dismiss and notify}
Session ID: b1492b24-36bd-4715-8c5c-1c0b58f036a0">
      <![CDATA[org.openqa.selenium.ElementNotInteractableException: Element <a href="javascript:menuMethod('Manage','pages/jsp/manage/Manage_Patient.jsp');"> could not be scrolled into view
Build info: version: '3.141.59', revision: 'e82be7d358', time: '2018-11-14T08:17:03'
System info: host: 'CSEKARAITHENT', ip: '192.168.195.14', os.name: 'Windows 10', os.arch: 'amd64', os.version: '10.0', java.version: '1.8.0_112'
Driver info: org.openqa.selenium.firefox.FirefoxDriver
Capabilities {acceptInsecureCerts: true, browserName: firefox, browserVersion: 78.0.1, javascriptEnabled: true, moz:accessibilityChecks: false, moz:buildID: 20200630195452, moz:geckodriverVersion: 0.26.0, moz:headless: false, moz:processID: 3452, moz:profile: C:\Users\Administrator\AppD..., moz:shutdownTimeout: 60000, moz:useNonSpecCompliantPointerOrigin: false, moz:webdriverClick: true, pageLoadStrategy: normal, platform: WINDOWS, platformName: WINDOWS, platformVersion: 10.0, rotatable: false, setWindowRect: true, strictFileInteractability: false, timeouts: {implicit: 0, pageLoad: 300000, script: 30000}, unhandledPromptBehavior: dismiss and notify}
Session ID: b1492b24-36bd-4715-8c5c-1c0b58f036a0
at sun.reflect.NativeConstructorAccessorImpl.newInstance0(Native Method)
at sun.reflect.NativeConstructorAccessorImpl.newInstance(NativeConstructorAccessorImpl.java:62)
at sun.reflect.DelegatingConstructorAccessorImpl.newInstance(DelegatingConstructorAccessorImpl.java:45)
at java.lang.reflect.Constructor.newInstance(Constructor.java:423)
at org.openqa.selenium.remote.http.W3CHttpResponseCodec.createException(W3CHttpResponseCodec.java:187)
at org.openqa.selenium.remote.http.W3CHttpResponseCodec.decode(W3CHttpResponseCodec.java:122)
at org.openqa.selenium.remote.http.W3CHttpResponseCodec.decode(W3CHttpResponseCodec.java:49)
at org.openqa.selenium.remote.HttpCommandExecutor.execute(HttpCommandExecutor.java:158)
at org.openqa.selenium.remote.service.DriverCommandExecutor.execute(DriverCommandExecutor.java:83)
at org.openqa.selenium.remote.RemoteWebDriver.execute(RemoteWebDriver.java:552)
at org.openqa.selenium.remote.RemoteWebElement.execute(RemoteWebElement.java:285)
at org.openqa.selenium.remote.RemoteWebElement.click(RemoteWebElement.java:84)
at NostGroup.NostArtifact.Base.CommonMethods.click(CommonMethods.java:81)
at NostGroup.NostArtifact.Manage.Patient.addPatient(Patient.java:33)
at NostGroup.NostArtifact.TestCases.Mainte_Creation.addPatient(Mainte_Creation.java:56)
at sun.reflect.NativeMethodAccessorImpl.invoke0(Native Method)
at sun.reflect.NativeMethodAccessorImpl.invoke(NativeMethodAccessorImpl.java:62)
at sun.reflect.DelegatingMethodAccessorImpl.invoke(DelegatingMethodAccessorImpl.java:43)
at java.lang.reflect.Method.invoke(Method.java:498)
at org.testng.internal.MethodInvocationHelper.invokeMethod(MethodInvocationHelper.java:134)
at org.testng.internal.TestInvoker.invokeMethod(TestInvoker.java:597)
at org.testng.internal.TestInvoker.invokeTestMethod(TestInvoker.java:173)
at org.testng.internal.MethodRunner.runInSequence(MethodRunner.java:46)
at org.testng.internal.TestInvoker$MethodInvocationAgent.invoke(TestInvoker.java:816)
at org.testng.internal.TestInvoker.invokeTestMethods(TestInvoker.java:146)
at org.testng.internal.TestMethodWorker.invokeTestMethods(TestMethodWorker.java:146)
at org.testng.internal.TestMethodWorker.run(TestMethodWorker.java:128)
at java.util.ArrayList.forEach(ArrayList.java:1249)
at org.testng.TestRunner.privateRun(TestRunner.java:766)
at org.testng.TestRunner.run(TestRunner.java:587)
at org.testng.SuiteRunner.runTest(SuiteRunner.java:384)
at org.testng.SuiteRunner.runSequentially(SuiteRunner.java:378)
at org.testng.SuiteRunner.privateRun(SuiteRunner.java:337)
at org.testng.SuiteRunner.run(SuiteRunner.java:286)
at org.testng.SuiteRunnerWorker.runSuite(SuiteRunnerWorker.java:53)
at org.testng.SuiteRunnerWorker.run(SuiteRunnerWorker.java:96)
at org.testng.TestNG.runSuitesSequentially(TestNG.java:1187)
at org.testng.TestNG.runSuitesLocally(TestNG.java:1109)
at org.testng.TestNG.runSuites(TestNG.java:1039)
at org.testng.TestNG.run(TestNG.java:1007)
at org.testng.remote.AbstractRemoteTestNG.run(AbstractRemoteTestNG.java:115)
at org.testng.remote.RemoteTestNG.initAndRun(RemoteTestNG.java:251)
at org.testng.remote.RemoteTestNG.main(RemoteTestNG.java:77)
]]>
    </error>
  </testcase> <!-- addPatient -->
  <system-out>
<br>addPatient: Failed <br> <a target="_blank" href="D:\Jagan\NostAuto\NostCore\NostArtifact\Screenshots\Screenshot_Thu_Jul_09_16_48_42_IST_2020.jpg">ScreenShot</a> <br>  </system-out>
</testsuite> <!-- NostGroup.NostArtifact.TestCases.Mainte_Creation -->
