<?xml version="1.0" encoding="UTF-8"?>
<!-- Generated by org.testng.reporters.JUnitReportReporter -->
<testsuite skipped="0" hostname="CsekarAithent" name="NostGroup.NostArtifact.TestCases.Mainte_Creation" tests="6" failures="0" timestamp="2020-09-16T11:32:55 IST" time="114.972" errors="0">
  <testcase name="nostLogin" time="5.869" classname="NostGroup.NostArtifact.TestCases.Mainte_Creation"/>
  <system-out>
Starting to Login.... Entered the value 'admin' in field 'username' Entered the value 'aithentchn' in field 'password' Clicked the item: login-button  </system-out>
  <testcase name="addProtocol" time="22.105" classname="NostGroup.NostArtifact.TestCases.Mainte_Creation"/>
  <system-out>
Clicked the item: protocol Clicked the item: add-protocol Entered the value '16-SEP-09-20-PROT' in field 'protocol-id' Entered the value '16-SEP-09-20-PROT-Title' in field 'protocol-title' Selected the value 'CNPE in field 'protocol-status' Selected the value 'Active in field 'pharmacy-status' Entered the value '16-SEP-09-20-PROT-SPID' in field 'sponsor-protocol-id' Entered the value '16-SEP-09-20-PROT-SP' in field 'protocol-sponsor' Entered the value 'STN002' in field 'site-number' Selected the value 'Phase 2 in field 'protocol-phase' Selected the value 'Leukemia in field 'disease-program' Selected the value 'Both in field 'service' Selected the value 'Industry in field 'study-source' Selected the value 'Open label in field 'protocol-type' Entered the value 'IRB-Z001' in field 'internal-irb' Entered the value 'EIRB-Z100' in field 'external-irb' Selected the value 'Genetics in field 'protocol-category' Clicked the item: staff Entered the value 'nCoup-PI-FN' in field 'pi-first-name' Entered the value 'nCoup-PI-LN' in field 'pi-last-name' Entered the value 'Inv-ID-01' in field 'investigator-id' Entered the value '10-10-2020' in field 'id-expiration' Entered the value 'Opt-Ins-nCoup' in field 'opt-pi-institution' Entered the value 'Op-Ins-FN' in field 'opt-pi-first-name' Entered the value 'OP-Ins-LN' in field 'opt-pi-last-name' Entered the value 'Op-Inv-ID-02' in field 'opt-investigator-id' Entered the value '10-10-2020' in field 'opt-id-expiration' Entered the value 'Study contact comments' in field 'study-contact' Clicked the item: key-dates Entered the value '04-01-2020' in field 'protocol-phase-start-date' Entered the value '05-01-2020' in field 'closed-to-new-patients' Entered the value '06-01-2020' in field 'protocol-closure-date' Entered the value 'Protocol Study completed' in field 'reason-for-closure' Entered the value '06-10-2020' in field 'protocol-completion-date' Clicked the item: notifications Entered the value 'Receive Notifications' in field 'not-receive' Entered the value 'Transfer Notifications' in field 'not-transfer' Entered the value 'Dispense Notifications' in field 'not-dispense' Entered the value 'Destroy Notifications' in field 'not-destroy' Entered the value 'Return Notifications' in field 'not-return' Entered the value 'a1234' in field 'protocol-esign' Clicked the item: protocol-submit  </system-out>
  <testcase name="addPharmacy" time="14.400" classname="NostGroup.NostArtifact.TestCases.Mainte_Creation"/>
  <system-out>
Clicked the item: organization Selected the value 'Pharmacy in field 'organization-selection' Clicked the item: add-new-pharmacy Entered the value '16-SEP-09-20-PHARM-1-C' in field 'pharmacy-name'  Input is Yes for the field 'grant-control-rights' and Checkbox is unchecked by default, now checked/ticked successfully Selected the value 'Control in field 'nci-record' Selected the value 'Refrigerator in field 'storage-condition1' Entered the value 'Location 1' in field 'storage-location1' 'disable-dispense-par-level1' is checked/ticked by default Selected the value 'Room Temperature in field 'storage-condition2' Entered the value 'Location 2' in field 'storage-location2' 'disable-dispense-par-level2' is checked/ticked by default Selected the value 'Refrigerated in field 'storage-condition3' Entered the value 'Location 3' in field 'storage-location3' 'disable-dispense-par-level3' is checked/ticked by default Selected the value 'Freezer -20 in field 'storage-condition4' Entered the value 'Location 4' in field 'storage-location4' 'disable-dispense-par-level4' is checked/ticked by default Clicked the item: pharmacy-address Entered the value '11.0' in field 'pharmacy-address-1' Entered the value 'nCoup Street' in field 'pharmacy-address-2' Entered the value 'nCoup City' in field 'pharmacy-city' Entered the value 'nCoup State' in field 'pharmacy-state' Entered the value '1234567.0' in field 'pharmacy-zip-postalcode' Entered the value '098-098-0987' in field 'pharmacy-phone' Entered the value 'nCoup Control pharmacy QA' in field 'pharmacy-name-label-name' Entered the value 'DEA234' in field 'pharmacy-dea' Entered the value 'a1234' in field 'pharmacy-esign' Clicked the item: pharmacy-submit  </system-out>
  <testcase name="addSupplier" time="23.612" classname="NostGroup.NostArtifact.TestCases.Mainte_Creation"/>
  <system-out>
Clicked the item: organization Selected the value 'Supplier in field 'organization-selection' Clicked the item: supplier-add Entered the value '16-SEP-09-20-Supplier-1' in field 'supplier-name' Clicked the item: add-more-supplier1 Entered the value '16-SEP-09-20-Supplier-2' in field 'supplier-name-1' Clicked the item: add-more-supplier2 Entered the value '16-SEP-09-20-Supplier-3' in field 'supplier-name-2' Entered the value 'a1234' in field 'supplier-esign' Clicked the item: supplier-submit  </system-out>
  <testcase name="addCatalog" time="18.665" classname="NostGroup.NostArtifact.TestCases.Mainte_Creation"/>
  <system-out>
Clicked the item: add-drug Entered the value '16-SEP-09-20-Drg' in field 'drug-name' Selected the value 'Strength in field 'track-by' Entered the value '22.22' in field 'strength-concentration' Selected the value 'mEq in field 'unit-of-measure' Selected the value 'Enema in field 'formulation' Entered the value '16-SEP-09-20-Drg-dl1' in field 'drug-label-name' Entered the value '16-SEP-09-20-Drg-DID1' in field 'drug-id' Entered the value '16-SEP-09-20-Drg-nsc1' in field 'drug-nsc' Entered the value '16-SEP-09-20-Drg-adn1' in field 'alternative-drug-name' Clicked the item: set-defaults 'patient-specific-drug' is checked/ticked by default  Input is Yes for the field 'ivrs' and Checkbox is unchecked by default, now checked/ticked successfully Selected the value 'Yes in field 'to-be-linked' Selected the value 'Unit in field 'level-of-accountability' Selected the value 'Tube in field 'unit-type' Entered the value '48.0' in field 'qty-per-unit' Entered the value '16-SEP-09-20-Supplier-1' in field 'catalog-supplier-name' Selected the value 'Room Temperature in field 'storage-condition' Selected the value '16-SEP-09-20-PHARM-1-C in field 'pharmacy' Selected the value 'Location 2 in field 'storage-location' Selected the value 'twice daily in field 'frequency' Entered the value 'Take with water of 8oz, before food' in field 'dose-on-label' Selected the value 'Standard (w/ Lab) in field 'label-template' Entered the value '10.0' in field 'day-supply' Selected the value 'Take With Food in field 'aux-label1' Selected the value 'Shake Well in field 'aux-label2' Selected the value 'Refrigerate in field 'aux-label3' Selected the value 'Chemotherapy Drug in field 'aux-label4' Clicked the item: add-drug Entered the value '16-SEP-09-20-PROT' in field 'cat-prot-sear' Clicked the item: cat-prot-sear-ok Entered the value 'a1234' in field 'catalog-esign' Clicked the item: catalog-submit  </system-out>
  <testcase name="addPatient" time="30.321" classname="NostGroup.NostArtifact.TestCases.Mainte_Creation"/>
  <system-out>
Clicked the item: patient-menu Clicked the item: add-patient-to-protocol Entered the value '16-SEP-09-20-PAT1-1' in field 'patient-mrn' Entered the value '16-SEP-09-20-FN' in field 'patient-first-name' Entered the value '16-SEP-09-20-LN' in field 'patient-last-name' Selected the value 'Female in field 'patient-gender' Entered the value '11-10-1999' in field 'patient-dob' Selected the value 'Active in field 'patient-status' Entered the value '16-SEP-09-20-PROT' in field 'patient-protocol-id' Entered the value '16-SEP-09-20-PAT1-STY' in field 'patient-study-id' Entered the value '39.87' in field 'cohort-dose-level' Clicked the item: add-contact-info Entered the value '11.0' in field 'address-1' Entered the value '2nd Street' in field 'address-2' Entered the value 'Chennai' in field 'city' Entered the value 'Tamil Nadu' in field 'state' Entered the value '123456.0' in field 'zip-postal-code' Entered the value 'India' in field 'country' Entered the value '098-098-978765' in field 'home-phone' Entered the value '7297932-899' in field 'work-phone' Entered the value 'ncoup@ncoup.com' in field 'email' Entered the value 'PID-002' in field 'pid' Entered the value 'a1234' in field 'patient-esgin' Clicked the item: patient-submit  </system-out>
</testsuite> <!-- NostGroup.NostArtifact.TestCases.Mainte_Creation -->
