<?xml version="1.0" encoding="UTF-8"?>
<!-- Generated by org.testng.reporters.JUnitReportReporter -->
<testsuite skipped="2" hostname="CsekarAithent" name="NostGroup.NostArtifact.TestCases.IDSFlow_M_R_PR" tests="15" failures="0" timestamp="2020-07-25T12:06:57 IST" time="173.584" errors="3">
  <testcase name="nostLogin" time="4.698" classname="NostGroup.NostArtifact.TestCases.IDSFlow_M_R_PR"/>
  <system-out>
Starting to Login.... Entered the value 'admin' in field 'username' Entered the value 'ncoup123' in field 'password' Clicked the item: login-button  </system-out>
  <testcase name="addProtocol" time="21.878" classname="NostGroup.NostArtifact.TestCases.IDSFlow_M_R_PR"/>
  <system-out>
Clicked the item: protocol Clicked the item: add-protocol Entered the value '25-JUL-13-20-PROT' in field 'protocol-id' Entered the value '25-JUL-13-20-PROT-Title' in field 'protocol-title' Selected the value 'CNPE in field 'protocol-status' Selected the value 'Active in field 'pharmacy-status' Entered the value '25-JUL-13-20-PROT-SPID' in field 'sponsor-protocol-id' Entered the value '25-JUL-13-20-PROT-SP' in field 'protocol-sponsor' Entered the value 'STN002' in field 'site-number' Selected the value 'Phase 2 in field 'protocol-phase' Selected the value 'Leukemia in field 'disease-program' Selected the value 'Both in field 'service' Selected the value 'Industry in field 'study-source' Selected the value 'Open label in field 'protocol-type' Entered the value 'IRB-Z001' in field 'internal-irb' Entered the value 'EIRB-Z100' in field 'external-irb' Selected the value 'Genetics in field 'protocol-category' Clicked the item: staff Entered the value 'nCoup-PI-FN' in field 'pi-first-name' Entered the value 'nCoup-PI-LN' in field 'pi-last-name' Entered the value 'Inv-ID-01' in field 'investigator-id' Entered the value '10-10-2020' in field 'id-expiration' Entered the value 'Opt-Ins-nCoup' in field 'opt-pi-institution' Entered the value 'Op-Ins-FN' in field 'opt-pi-first-name' Entered the value 'OP-Ins-LN' in field 'opt-pi-last-name' Entered the value 'Op-Inv-ID-02' in field 'opt-investigator-id' Entered the value '10-10-2020' in field 'opt-id-expiration' Entered the value 'Study contact comments' in field 'study-contact' Clicked the item: key-dates Entered the value '04-01-2020' in field 'protocol-phase-start-date' Entered the value '05-01-2020' in field 'closed-to-new-patients' Entered the value '06-01-2020' in field 'protocol-closure-date' Entered the value 'Protocol Study completed' in field 'reason-for-closure' Entered the value '06-10-2020' in field 'protocol-completion-date' Clicked the item: notifications Entered the value 'Receive Notifications' in field 'not-receive' Entered the value 'Transfer Notifications' in field 'not-transfer' Entered the value 'Dispense Notifications' in field 'not-dispense' Entered the value 'Destroy Notifications' in field 'not-destroy' Entered the value 'Return Notifications' in field 'not-return' Entered the value 'a1234' in field 'protocol-esign' Clicked the item: protocol-submit  </system-out>
  <testcase name="verifyProtocol" time="0.288" classname="NostGroup.NostArtifact.TestCases.IDSFlow_M_R_PR">
    <error type="org.openqa.selenium.ElementNotInteractableException" message="Element &lt;a href=&quot;javascript:menuMethod(&#039;Manage&#039;,&#039;pages/jsp/ManProtocol.jsp&#039;);&quot;&gt; could not be scrolled into view
Build info: version: &#039;3.141.59&#039;, revision: &#039;e82be7d358&#039;, time: &#039;2018-11-14T08:17:03&#039;
System info: host: &#039;CSEKARAITHENT&#039;, ip: &#039;192.168.195.19&#039;, os.name: &#039;Windows 10&#039;, os.arch: &#039;amd64&#039;, os.version: &#039;10.0&#039;, java.version: &#039;1.8.0_112&#039;
Driver info: org.openqa.selenium.firefox.FirefoxDriver
Capabilities {acceptInsecureCerts: true, browserName: firefox, browserVersion: 78.0.2, javascriptEnabled: true, moz:accessibilityChecks: false, moz:buildID: 20200708170202, moz:geckodriverVersion: 0.26.0, moz:headless: false, moz:processID: 10544, moz:profile: C:\Users\Administrator\AppD..., moz:shutdownTimeout: 60000, moz:useNonSpecCompliantPointerOrigin: false, moz:webdriverClick: true, pageLoadStrategy: normal, platform: WINDOWS, platformName: WINDOWS, platformVersion: 10.0, rotatable: false, setWindowRect: true, strictFileInteractability: false, timeouts: {implicit: 0, pageLoad: 300000, script: 30000}, unhandledPromptBehavior: dismiss and notify}
Session ID: 11ac783b-52b2-4c0c-aa81-31e2ff51b7eb">
      <![CDATA[org.openqa.selenium.ElementNotInteractableException: Element <a href="javascript:menuMethod('Manage','pages/jsp/ManProtocol.jsp');"> could not be scrolled into view
Build info: version: '3.141.59', revision: 'e82be7d358', time: '2018-11-14T08:17:03'
System info: host: 'CSEKARAITHENT', ip: '192.168.195.19', os.name: 'Windows 10', os.arch: 'amd64', os.version: '10.0', java.version: '1.8.0_112'
Driver info: org.openqa.selenium.firefox.FirefoxDriver
Capabilities {acceptInsecureCerts: true, browserName: firefox, browserVersion: 78.0.2, javascriptEnabled: true, moz:accessibilityChecks: false, moz:buildID: 20200708170202, moz:geckodriverVersion: 0.26.0, moz:headless: false, moz:processID: 10544, moz:profile: C:\Users\Administrator\AppD..., moz:shutdownTimeout: 60000, moz:useNonSpecCompliantPointerOrigin: false, moz:webdriverClick: true, pageLoadStrategy: normal, platform: WINDOWS, platformName: WINDOWS, platformVersion: 10.0, rotatable: false, setWindowRect: true, strictFileInteractability: false, timeouts: {implicit: 0, pageLoad: 300000, script: 30000}, unhandledPromptBehavior: dismiss and notify}
Session ID: 11ac783b-52b2-4c0c-aa81-31e2ff51b7eb
at sun.reflect.NativeConstructorAccessorImpl.newInstance0(Native Method)
at sun.reflect.NativeConstructorAccessorImpl.newInstance(NativeConstructorAccessorImpl.java:62)
at sun.reflect.DelegatingConstructorAccessorImpl.newInstance(DelegatingConstructorAccessorImpl.java:45)
at java.lang.reflect.Constructor.newInstance(Constructor.java:423)
at org.openqa.selenium.remote.http.W3CHttpResponseCodec.createException(W3CHttpResponseCodec.java:187)
at org.openqa.selenium.remote.http.W3CHttpResponseCodec.decode(W3CHttpResponseCodec.java:122)
at org.openqa.selenium.remote.http.W3CHttpResponseCodec.decode(W3CHttpResponseCodec.java:49)
at org.openqa.selenium.remote.HttpCommandExecutor.execute(HttpCommandExecutor.java:158)
at org.openqa.selenium.remote.service.DriverCommandExecutor.execute(DriverCommandExecutor.java:83)
at org.openqa.selenium.remote.RemoteWebDriver.execute(RemoteWebDriver.java:552)
at org.openqa.selenium.remote.RemoteWebElement.execute(RemoteWebElement.java:285)
at org.openqa.selenium.remote.RemoteWebElement.click(RemoteWebElement.java:84)
at NostGroup.NostArtifact.Base.CommonMethods.click(CommonMethods.java:81)
at NostGroup.NostArtifact.Manage.Protocol.protocolVerify(Protocol.java:131)
at NostGroup.NostArtifact.TestCases.IDSFlow_M_R_PR.verifyProtocol(IDSFlow_M_R_PR.java:42)
at sun.reflect.NativeMethodAccessorImpl.invoke0(Native Method)
at sun.reflect.NativeMethodAccessorImpl.invoke(NativeMethodAccessorImpl.java:62)
at sun.reflect.DelegatingMethodAccessorImpl.invoke(DelegatingMethodAccessorImpl.java:43)
at java.lang.reflect.Method.invoke(Method.java:498)
at org.testng.internal.MethodInvocationHelper.invokeMethod(MethodInvocationHelper.java:134)
at org.testng.internal.TestInvoker.invokeMethod(TestInvoker.java:597)
at org.testng.internal.TestInvoker.invokeTestMethod(TestInvoker.java:173)
at org.testng.internal.MethodRunner.runInSequence(MethodRunner.java:46)
at org.testng.internal.TestInvoker$MethodInvocationAgent.invoke(TestInvoker.java:816)
at org.testng.internal.TestInvoker.invokeTestMethods(TestInvoker.java:146)
at org.testng.internal.TestMethodWorker.invokeTestMethods(TestMethodWorker.java:146)
at org.testng.internal.TestMethodWorker.run(TestMethodWorker.java:128)
at java.util.ArrayList.forEach(ArrayList.java:1249)
at org.testng.TestRunner.privateRun(TestRunner.java:766)
at org.testng.TestRunner.run(TestRunner.java:587)
at org.testng.SuiteRunner.runTest(SuiteRunner.java:384)
at org.testng.SuiteRunner.runSequentially(SuiteRunner.java:378)
at org.testng.SuiteRunner.privateRun(SuiteRunner.java:337)
at org.testng.SuiteRunner.run(SuiteRunner.java:286)
at org.testng.SuiteRunnerWorker.runSuite(SuiteRunnerWorker.java:53)
at org.testng.SuiteRunnerWorker.run(SuiteRunnerWorker.java:96)
at org.testng.TestNG.runSuitesSequentially(TestNG.java:1187)
at org.testng.TestNG.runSuitesLocally(TestNG.java:1109)
at org.testng.TestNG.runSuites(TestNG.java:1039)
at org.testng.TestNG.run(TestNG.java:1007)
at org.testng.remote.AbstractRemoteTestNG.run(AbstractRemoteTestNG.java:115)
at org.testng.remote.RemoteTestNG.initAndRun(RemoteTestNG.java:251)
at org.testng.remote.RemoteTestNG.main(RemoteTestNG.java:77)
]]>
    </error>
  </testcase> <!-- verifyProtocol -->
  <system-out>
<br>verifyProtocol: Failed <br> <a target="_blank" href="D:\Jagan\NostAuto\NostCore\NostArtifact\Screenshots\Screenshot_Sat_Jul_25_12_04_22_IST_2020.jpg">ScreenShot</a> <br>  </system-out>
  <testcase name="addPharmacy" time="13.019" classname="NostGroup.NostArtifact.TestCases.IDSFlow_M_R_PR"/>
  <system-out>
Clicked the item: organization Selected the value 'Pharmacy in field 'organization-selection' Clicked the item: add-new-pharmacy Entered the value '25-JUL-13-20-Pharm1-C' in field 'pharmacy-name'  Input is Yes for the field 'grant-control-rights' and Checkbox is unchecked by default, now checked/ticked successfully Selected the value 'Control in field 'nci-record' Selected the value 'Refrigerator in field 'storage-condition1' Entered the value 'Location 1' in field 'storage-location1' 'disable-dispense-par-level1' is checked/ticked by default Selected the value 'Room Temperature in field 'storage-condition2' Entered the value 'Location 2' in field 'storage-location2' 'disable-dispense-par-level2' is checked/ticked by default Selected the value 'Refrigerated in field 'storage-condition3' Entered the value 'Location 3' in field 'storage-location3' 'disable-dispense-par-level3' is checked/ticked by default Selected the value 'Freezer -20 in field 'storage-condition4' Entered the value 'Location 4' in field 'storage-location4' 'disable-dispense-par-level4' is checked/ticked by default Clicked the item: pharmacy-address Entered the value '11.0' in field 'pharmacy-address-1' Entered the value 'nCoup Street' in field 'pharmacy-address-2' Entered the value 'nCoup City' in field 'pharmacy-city' Entered the value 'nCoup State' in field 'pharmacy-state' Entered the value '1234567.0' in field 'pharmacy-zip-postalcode' Entered the value '098-098-0987' in field 'pharmacy-phone' Entered the value 'nCoup Control pharmacy QA' in field 'pharmacy-name-label-name' Entered the value 'DEA234' in field 'pharmacy-dea' Entered the value 'a1234' in field 'pharmacy-esign' Clicked the item: pharmacy-submit  </system-out>
  <testcase name="verifyPharmacy" time="13.455" classname="NostGroup.NostArtifact.TestCases.IDSFlow_M_R_PR"/>
  <system-out>
Clicked the item: organization Selected the value 'Pharmacy in field 'organization-selection' Entered the value '25-JUL-13-20-Pharm1-C' in field 'pharmacy-search-bar' Pharmacy '25-JUL-13-20-Pharm1-C' found in the Pharmacy table  </system-out>
  <testcase name="addSupplier" time="2.248" classname="NostGroup.NostArtifact.TestCases.IDSFlow_M_R_PR">
    <error type="org.openqa.selenium.ElementNotInteractableException" message="Element &lt;a href=&quot;javascript:menuActionMethod(&#039;Manage&#039;,&#039;loadPharmDetails.action&#039;);&quot;&gt; could not be scrolled into view
Build info: version: &#039;3.141.59&#039;, revision: &#039;e82be7d358&#039;, time: &#039;2018-11-14T08:17:03&#039;
System info: host: &#039;CSEKARAITHENT&#039;, ip: &#039;192.168.195.19&#039;, os.name: &#039;Windows 10&#039;, os.arch: &#039;amd64&#039;, os.version: &#039;10.0&#039;, java.version: &#039;1.8.0_112&#039;
Driver info: org.openqa.selenium.firefox.FirefoxDriver
Capabilities {acceptInsecureCerts: true, browserName: firefox, browserVersion: 78.0.2, javascriptEnabled: true, moz:accessibilityChecks: false, moz:buildID: 20200708170202, moz:geckodriverVersion: 0.26.0, moz:headless: false, moz:processID: 10544, moz:profile: C:\Users\Administrator\AppD..., moz:shutdownTimeout: 60000, moz:useNonSpecCompliantPointerOrigin: false, moz:webdriverClick: true, pageLoadStrategy: normal, platform: WINDOWS, platformName: WINDOWS, platformVersion: 10.0, rotatable: false, setWindowRect: true, strictFileInteractability: false, timeouts: {implicit: 0, pageLoad: 300000, script: 30000}, unhandledPromptBehavior: dismiss and notify}
Session ID: 11ac783b-52b2-4c0c-aa81-31e2ff51b7eb">
      <![CDATA[org.openqa.selenium.ElementNotInteractableException: Element <a href="javascript:menuActionMethod('Manage','loadPharmDetails.action');"> could not be scrolled into view
Build info: version: '3.141.59', revision: 'e82be7d358', time: '2018-11-14T08:17:03'
System info: host: 'CSEKARAITHENT', ip: '192.168.195.19', os.name: 'Windows 10', os.arch: 'amd64', os.version: '10.0', java.version: '1.8.0_112'
Driver info: org.openqa.selenium.firefox.FirefoxDriver
Capabilities {acceptInsecureCerts: true, browserName: firefox, browserVersion: 78.0.2, javascriptEnabled: true, moz:accessibilityChecks: false, moz:buildID: 20200708170202, moz:geckodriverVersion: 0.26.0, moz:headless: false, moz:processID: 10544, moz:profile: C:\Users\Administrator\AppD..., moz:shutdownTimeout: 60000, moz:useNonSpecCompliantPointerOrigin: false, moz:webdriverClick: true, pageLoadStrategy: normal, platform: WINDOWS, platformName: WINDOWS, platformVersion: 10.0, rotatable: false, setWindowRect: true, strictFileInteractability: false, timeouts: {implicit: 0, pageLoad: 300000, script: 30000}, unhandledPromptBehavior: dismiss and notify}
Session ID: 11ac783b-52b2-4c0c-aa81-31e2ff51b7eb
at sun.reflect.NativeConstructorAccessorImpl.newInstance0(Native Method)
at sun.reflect.NativeConstructorAccessorImpl.newInstance(NativeConstructorAccessorImpl.java:62)
at sun.reflect.DelegatingConstructorAccessorImpl.newInstance(DelegatingConstructorAccessorImpl.java:45)
at java.lang.reflect.Constructor.newInstance(Constructor.java:423)
at org.openqa.selenium.remote.http.W3CHttpResponseCodec.createException(W3CHttpResponseCodec.java:187)
at org.openqa.selenium.remote.http.W3CHttpResponseCodec.decode(W3CHttpResponseCodec.java:122)
at org.openqa.selenium.remote.http.W3CHttpResponseCodec.decode(W3CHttpResponseCodec.java:49)
at org.openqa.selenium.remote.HttpCommandExecutor.execute(HttpCommandExecutor.java:158)
at org.openqa.selenium.remote.service.DriverCommandExecutor.execute(DriverCommandExecutor.java:83)
at org.openqa.selenium.remote.RemoteWebDriver.execute(RemoteWebDriver.java:552)
at org.openqa.selenium.remote.RemoteWebElement.execute(RemoteWebElement.java:285)
at org.openqa.selenium.remote.RemoteWebElement.click(RemoteWebElement.java:84)
at NostGroup.NostArtifact.Base.CommonMethods.click(CommonMethods.java:81)
at NostGroup.NostArtifact.Manage.Supplier.addSupplier(Supplier.java:30)
at NostGroup.NostArtifact.TestCases.IDSFlow_M_R_PR.addSupplier(IDSFlow_M_R_PR.java:64)
at sun.reflect.NativeMethodAccessorImpl.invoke0(Native Method)
at sun.reflect.NativeMethodAccessorImpl.invoke(NativeMethodAccessorImpl.java:62)
at sun.reflect.DelegatingMethodAccessorImpl.invoke(DelegatingMethodAccessorImpl.java:43)
at java.lang.reflect.Method.invoke(Method.java:498)
at org.testng.internal.MethodInvocationHelper.invokeMethod(MethodInvocationHelper.java:134)
at org.testng.internal.TestInvoker.invokeMethod(TestInvoker.java:597)
at org.testng.internal.TestInvoker.invokeTestMethod(TestInvoker.java:173)
at org.testng.internal.MethodRunner.runInSequence(MethodRunner.java:46)
at org.testng.internal.TestInvoker$MethodInvocationAgent.invoke(TestInvoker.java:816)
at org.testng.internal.TestInvoker.invokeTestMethods(TestInvoker.java:146)
at org.testng.internal.TestMethodWorker.invokeTestMethods(TestMethodWorker.java:146)
at org.testng.internal.TestMethodWorker.run(TestMethodWorker.java:128)
at java.util.ArrayList.forEach(ArrayList.java:1249)
at org.testng.TestRunner.privateRun(TestRunner.java:766)
at org.testng.TestRunner.run(TestRunner.java:587)
at org.testng.SuiteRunner.runTest(SuiteRunner.java:384)
at org.testng.SuiteRunner.runSequentially(SuiteRunner.java:378)
at org.testng.SuiteRunner.privateRun(SuiteRunner.java:337)
at org.testng.SuiteRunner.run(SuiteRunner.java:286)
at org.testng.SuiteRunnerWorker.runSuite(SuiteRunnerWorker.java:53)
at org.testng.SuiteRunnerWorker.run(SuiteRunnerWorker.java:96)
at org.testng.TestNG.runSuitesSequentially(TestNG.java:1187)
at org.testng.TestNG.runSuitesLocally(TestNG.java:1109)
at org.testng.TestNG.runSuites(TestNG.java:1039)
at org.testng.TestNG.run(TestNG.java:1007)
at org.testng.remote.AbstractRemoteTestNG.run(AbstractRemoteTestNG.java:115)
at org.testng.remote.RemoteTestNG.initAndRun(RemoteTestNG.java:251)
at org.testng.remote.RemoteTestNG.main(RemoteTestNG.java:77)
]]>
    </error>
  </testcase> <!-- addSupplier -->
  <system-out>
<br>addSupplier: Failed <br> <a target="_blank" href="D:\Jagan\NostAuto\NostCore\NostArtifact\Screenshots\Screenshot_Sat_Jul_25_12_04_55_IST_2020.jpg">ScreenShot</a> <br>  </system-out>
  <testcase name="verifySupplier" time="0.000" classname="NostGroup.NostArtifact.TestCases.IDSFlow_M_R_PR">
    <skipped/>
  </testcase> <!-- verifySupplier -->
  <system-out/>
  <testcase name="addCatalog" time="18.741" classname="NostGroup.NostArtifact.TestCases.IDSFlow_M_R_PR"/>
  <system-out>
Clicked the item: add-drug Entered the value '25-JUL-13-20-Drg-Unit' in field 'drug-name' Selected the value 'Strength in field 'track-by' Entered the value '22.22' in field 'strength-concentration' Selected the value 'mEq in field 'unit-of-measure' Selected the value 'Enema in field 'formulation' Entered the value '25-JUL-13-20-Drg-dl1' in field 'drug-label-name' Entered the value '25-JUL-13-20-Drg-id1' in field 'drug-id' Entered the value '25-JUL-13-20-Drg-nsc1' in field 'drug-nsc' Entered the value '25-JUL-13-20-Drg-adn1' in field 'alternative-drug-name' Clicked the item: set-defaults 'patient-specific-drug' is checked/ticked by default  Input is Yes for the field 'ivrs' and Checkbox is unchecked by default, now checked/ticked successfully Selected the value 'Yes in field 'to-be-linked' Selected the value 'Lot in field 'level-of-accountability' Selected the value 'Tube in field 'unit-type' Entered the value '48.0' in field 'qty-per-unit' Entered the value '25-JUL-13-Supplier-1' in field 'catalog-supplier-name' Selected the value 'Refrigerator in field 'storage-condition' Selected the value '25-JUL-13-20-Pharm1-C in field 'pharmacy' Selected the value 'Location 1 in field 'storage-location' Selected the value 'twice daily in field 'frequency' Entered the value 'Take with water of 8oz, before food' in field 'dose-on-label' Selected the value 'Standard (w/ Lab) in field 'label-template' Entered the value '10.0' in field 'day-supply' Selected the value 'Take With Food in field 'aux-label1' Selected the value 'Shake Well in field 'aux-label2' Selected the value 'Refrigerate in field 'aux-label3' Selected the value 'Chemotherapy Drug in field 'aux-label4' Clicked the item: add-drug Entered the value '25-JUL-13-20-PROT' in field 'cat-prot-sear' Clicked the item: cat-prot-sear-ok Entered the value 'a1234' in field 'catalog-esign' Clicked the item: catalog-submit  </system-out>
  <testcase name="verifyCatalog" time="11.017" classname="NostGroup.NostArtifact.TestCases.IDSFlow_M_R_PR"/>
  <system-out>
Entered the value '25-JUL-13-20-Drg-Unit' in field 'catalog-tab-search' Catalog '25-JUL-13-20-Drg-Unit' found in the Catalog table  </system-out>
  <testcase name="addPatient" time="3.237" classname="NostGroup.NostArtifact.TestCases.IDSFlow_M_R_PR">
    <error type="org.openqa.selenium.ElementNotInteractableException" message="Element &lt;a href=&quot;javascript:menuMethod(&#039;Manage&#039;,&#039;pages/jsp/manage/Manage_Patient.jsp&#039;);&quot;&gt; could not be scrolled into view
Build info: version: &#039;3.141.59&#039;, revision: &#039;e82be7d358&#039;, time: &#039;2018-11-14T08:17:03&#039;
System info: host: &#039;CSEKARAITHENT&#039;, ip: &#039;192.168.195.19&#039;, os.name: &#039;Windows 10&#039;, os.arch: &#039;amd64&#039;, os.version: &#039;10.0&#039;, java.version: &#039;1.8.0_112&#039;
Driver info: org.openqa.selenium.firefox.FirefoxDriver
Capabilities {acceptInsecureCerts: true, browserName: firefox, browserVersion: 78.0.2, javascriptEnabled: true, moz:accessibilityChecks: false, moz:buildID: 20200708170202, moz:geckodriverVersion: 0.26.0, moz:headless: false, moz:processID: 10544, moz:profile: C:\Users\Administrator\AppD..., moz:shutdownTimeout: 60000, moz:useNonSpecCompliantPointerOrigin: false, moz:webdriverClick: true, pageLoadStrategy: normal, platform: WINDOWS, platformName: WINDOWS, platformVersion: 10.0, rotatable: false, setWindowRect: true, strictFileInteractability: false, timeouts: {implicit: 0, pageLoad: 300000, script: 30000}, unhandledPromptBehavior: dismiss and notify}
Session ID: 11ac783b-52b2-4c0c-aa81-31e2ff51b7eb">
      <![CDATA[org.openqa.selenium.ElementNotInteractableException: Element <a href="javascript:menuMethod('Manage','pages/jsp/manage/Manage_Patient.jsp');"> could not be scrolled into view
Build info: version: '3.141.59', revision: 'e82be7d358', time: '2018-11-14T08:17:03'
System info: host: 'CSEKARAITHENT', ip: '192.168.195.19', os.name: 'Windows 10', os.arch: 'amd64', os.version: '10.0', java.version: '1.8.0_112'
Driver info: org.openqa.selenium.firefox.FirefoxDriver
Capabilities {acceptInsecureCerts: true, browserName: firefox, browserVersion: 78.0.2, javascriptEnabled: true, moz:accessibilityChecks: false, moz:buildID: 20200708170202, moz:geckodriverVersion: 0.26.0, moz:headless: false, moz:processID: 10544, moz:profile: C:\Users\Administrator\AppD..., moz:shutdownTimeout: 60000, moz:useNonSpecCompliantPointerOrigin: false, moz:webdriverClick: true, pageLoadStrategy: normal, platform: WINDOWS, platformName: WINDOWS, platformVersion: 10.0, rotatable: false, setWindowRect: true, strictFileInteractability: false, timeouts: {implicit: 0, pageLoad: 300000, script: 30000}, unhandledPromptBehavior: dismiss and notify}
Session ID: 11ac783b-52b2-4c0c-aa81-31e2ff51b7eb
at sun.reflect.NativeConstructorAccessorImpl.newInstance0(Native Method)
at sun.reflect.NativeConstructorAccessorImpl.newInstance(NativeConstructorAccessorImpl.java:62)
at sun.reflect.DelegatingConstructorAccessorImpl.newInstance(DelegatingConstructorAccessorImpl.java:45)
at java.lang.reflect.Constructor.newInstance(Constructor.java:423)
at org.openqa.selenium.remote.http.W3CHttpResponseCodec.createException(W3CHttpResponseCodec.java:187)
at org.openqa.selenium.remote.http.W3CHttpResponseCodec.decode(W3CHttpResponseCodec.java:122)
at org.openqa.selenium.remote.http.W3CHttpResponseCodec.decode(W3CHttpResponseCodec.java:49)
at org.openqa.selenium.remote.HttpCommandExecutor.execute(HttpCommandExecutor.java:158)
at org.openqa.selenium.remote.service.DriverCommandExecutor.execute(DriverCommandExecutor.java:83)
at org.openqa.selenium.remote.RemoteWebDriver.execute(RemoteWebDriver.java:552)
at org.openqa.selenium.remote.RemoteWebElement.execute(RemoteWebElement.java:285)
at org.openqa.selenium.remote.RemoteWebElement.click(RemoteWebElement.java:84)
at NostGroup.NostArtifact.Base.CommonMethods.click(CommonMethods.java:81)
at NostGroup.NostArtifact.Manage.Patient.addPatient(Patient.java:33)
at NostGroup.NostArtifact.TestCases.IDSFlow_M_R_PR.addPatient(IDSFlow_M_R_PR.java:90)
at sun.reflect.NativeMethodAccessorImpl.invoke0(Native Method)
at sun.reflect.NativeMethodAccessorImpl.invoke(NativeMethodAccessorImpl.java:62)
at sun.reflect.DelegatingMethodAccessorImpl.invoke(DelegatingMethodAccessorImpl.java:43)
at java.lang.reflect.Method.invoke(Method.java:498)
at org.testng.internal.MethodInvocationHelper.invokeMethod(MethodInvocationHelper.java:134)
at org.testng.internal.TestInvoker.invokeMethod(TestInvoker.java:597)
at org.testng.internal.TestInvoker.invokeTestMethod(TestInvoker.java:173)
at org.testng.internal.MethodRunner.runInSequence(MethodRunner.java:46)
at org.testng.internal.TestInvoker$MethodInvocationAgent.invoke(TestInvoker.java:816)
at org.testng.internal.TestInvoker.invokeTestMethods(TestInvoker.java:146)
at org.testng.internal.TestMethodWorker.invokeTestMethods(TestMethodWorker.java:146)
at org.testng.internal.TestMethodWorker.run(TestMethodWorker.java:128)
at java.util.ArrayList.forEach(ArrayList.java:1249)
at org.testng.TestRunner.privateRun(TestRunner.java:766)
at org.testng.TestRunner.run(TestRunner.java:587)
at org.testng.SuiteRunner.runTest(SuiteRunner.java:384)
at org.testng.SuiteRunner.runSequentially(SuiteRunner.java:378)
at org.testng.SuiteRunner.privateRun(SuiteRunner.java:337)
at org.testng.SuiteRunner.run(SuiteRunner.java:286)
at org.testng.SuiteRunnerWorker.runSuite(SuiteRunnerWorker.java:53)
at org.testng.SuiteRunnerWorker.run(SuiteRunnerWorker.java:96)
at org.testng.TestNG.runSuitesSequentially(TestNG.java:1187)
at org.testng.TestNG.runSuitesLocally(TestNG.java:1109)
at org.testng.TestNG.runSuites(TestNG.java:1039)
at org.testng.TestNG.run(TestNG.java:1007)
at org.testng.remote.AbstractRemoteTestNG.run(AbstractRemoteTestNG.java:115)
at org.testng.remote.RemoteTestNG.initAndRun(RemoteTestNG.java:251)
at org.testng.remote.RemoteTestNG.main(RemoteTestNG.java:77)
]]>
    </error>
  </testcase> <!-- addPatient -->
  <system-out>
<br>addPatient: Failed <br> <a target="_blank" href="D:\Jagan\NostAuto\NostCore\NostArtifact\Screenshots\Screenshot_Sat_Jul_25_12_05_31_IST_2020.jpg">ScreenShot</a> <br>  </system-out>
  <testcase name="verifyPatient" time="0.000" classname="NostGroup.NostArtifact.TestCases.IDSFlow_M_R_PR">
    <skipped/>
  </testcase> <!-- verifyPatient -->
  <system-out/>
  <testcase name="commonReceive" time="20.945" classname="NostGroup.NostArtifact.TestCases.IDSFlow_M_R_PR"/>
  <system-out>
Clicked the item: receive-add Entered the value '25-JUL-13-20-PROT' in field 'receive-protocol-id' Entered the value 'QWERT-LT-01' in field 'receive-lot' Entered the value '05-05-2021' in field 'receive-expiration-date' Entered the value '209.0' in field 'receive-total-qty' Entered the value 'Receving Drug' in field 'receive-comment' Clicked the item: receive-save  </system-out>
  <testcase name="submitqueueReceive" time="16.374" classname="NostGroup.NostArtifact.TestCases.IDSFlow_M_R_PR"/>
  <system-out>
Clicked the item: receive-menu Entered the value '25-JUL-13-20-PROT' in field 'rec-tab-search' Entered the value 'a1234' in field 'receive-edit' Clicked the item: receive-submit  </system-out>
  <testcase name="commonTransferToPharmacy" time="35.515" classname="NostGroup.NostArtifact.TestCases.IDSFlow_M_R_PR"/>
  <system-out>
Clicked the item: trans-to-pharm Entered the value '25-JUL-13-20-PROT' in field 'trans-protocol-id' Selected the value '25-JUL-13-20-Pharm1-C in field 'trans-fro-pharmacy' Selected the value 'Location 1 in field 'trans-from-sto-location' Selected the value '25-JUL-10-20-Pharm1-C in field 'trans-to-pharmacy' Selected the value 'Location 1 in field 'trans-to-sto-location' Entered the value 'Transfer comments' in field 'trans-comment' Entered the value '10.0' in field 'trans-tot-qty-lot' Entered the value 'a1234' in field 'trans-esign' Clicked the item: trans-submit  </system-out>
  <testcase name="addDispense" time="12.169" classname="NostGroup.NostArtifact.TestCases.IDSFlow_M_R_PR"/>
  <system-out>
Clicked the item: patient-menu Clicked the item: manage-patient-result-search-bar Entered the value '25-JUL-13-20-PAT1-1' in field 'manage-patient-result-search-bar' Patient '25-JUL-13-20-PAT1-1' not present in Patient table  </system-out>
</testsuite> <!-- NostGroup.NostArtifact.TestCases.IDSFlow_M_R_PR -->
