<?xml version="1.0" encoding="UTF-8"?>
<!-- Generated by org.testng.reporters.JUnitReportReporter -->
<testsuite skipped="13" hostname="CsekarAithent" name="NostGroup.NostArtifact.TestCases.IDSFlow_M_R_PR" tests="15" failures="0" timestamp="2020-10-08T14:32:05 IST" time="22.115" errors="1">
  <testcase name="nostLogin" time="2.368" classname="NostGroup.NostArtifact.TestCases.IDSFlow_M_R_PR"/>
  <system-out>
Starting to Login.... Entered the value 'admin' in field 'username' Entered the value 'aithentchn' in field 'password' Clicked the item: login-button  </system-out>
  <testcase name="addProtocol" time="19.747" classname="NostGroup.NostArtifact.TestCases.IDSFlow_M_R_PR">
    <error type="org.openqa.selenium.ElementNotInteractableException" message="element not interactable
  (Session info: chrome=85.0.4183.102)
Build info: version: &#039;3.141.59&#039;, revision: &#039;e82be7d358&#039;, time: &#039;2018-11-14T08:17:03&#039;
System info: host: &#039;CSEKARAITHENT&#039;, ip: &#039;192.168.192.168&#039;, os.name: &#039;Windows 10&#039;, os.arch: &#039;amd64&#039;, os.version: &#039;10.0&#039;, java.version: &#039;1.8.0_112&#039;
Driver info: org.openqa.selenium.chrome.ChromeDriver
Capabilities {acceptInsecureCerts: false, browserName: chrome, browserVersion: 85.0.4183.102, chrome: {chromedriverVersion: 85.0.4183.87 (cd6713ebf92fa..., userDataDir: C:\Users\ADMINI~1\AppData\L...}, goog:chromeOptions: {debuggerAddress: localhost:62781}, javascriptEnabled: true, networkConnectionEnabled: false, pageLoadStrategy: normal, platform: WINDOWS, platformName: WINDOWS, proxy: Proxy(), setWindowRect: true, strictFileInteractability: false, timeouts: {implicit: 0, pageLoad: 300000, script: 30000}, unhandledPromptBehavior: dismiss and notify, webauthn:virtualAuthenticators: true}
Session ID: e27def6fffba82248da21f1b35305485">
      <![CDATA[org.openqa.selenium.ElementNotInteractableException: element not interactable
  (Session info: chrome=85.0.4183.102)
Build info: version: '3.141.59', revision: 'e82be7d358', time: '2018-11-14T08:17:03'
System info: host: 'CSEKARAITHENT', ip: '192.168.192.168', os.name: 'Windows 10', os.arch: 'amd64', os.version: '10.0', java.version: '1.8.0_112'
Driver info: org.openqa.selenium.chrome.ChromeDriver
Capabilities {acceptInsecureCerts: false, browserName: chrome, browserVersion: 85.0.4183.102, chrome: {chromedriverVersion: 85.0.4183.87 (cd6713ebf92fa..., userDataDir: C:\Users\ADMINI~1\AppData\L...}, goog:chromeOptions: {debuggerAddress: localhost:62781}, javascriptEnabled: true, networkConnectionEnabled: false, pageLoadStrategy: normal, platform: WINDOWS, platformName: WINDOWS, proxy: Proxy(), setWindowRect: true, strictFileInteractability: false, timeouts: {implicit: 0, pageLoad: 300000, script: 30000}, unhandledPromptBehavior: dismiss and notify, webauthn:virtualAuthenticators: true}
Session ID: e27def6fffba82248da21f1b35305485
at sun.reflect.NativeConstructorAccessorImpl.newInstance0(Native Method)
at sun.reflect.NativeConstructorAccessorImpl.newInstance(NativeConstructorAccessorImpl.java:62)
at sun.reflect.DelegatingConstructorAccessorImpl.newInstance(DelegatingConstructorAccessorImpl.java:45)
at java.lang.reflect.Constructor.newInstance(Constructor.java:423)
at org.openqa.selenium.remote.http.W3CHttpResponseCodec.createException(W3CHttpResponseCodec.java:187)
at org.openqa.selenium.remote.http.W3CHttpResponseCodec.decode(W3CHttpResponseCodec.java:122)
at org.openqa.selenium.remote.http.W3CHttpResponseCodec.decode(W3CHttpResponseCodec.java:49)
at org.openqa.selenium.remote.HttpCommandExecutor.execute(HttpCommandExecutor.java:158)
at org.openqa.selenium.remote.service.DriverCommandExecutor.execute(DriverCommandExecutor.java:83)
at org.openqa.selenium.remote.RemoteWebDriver.execute(RemoteWebDriver.java:552)
at org.openqa.selenium.remote.RemoteWebElement.execute(RemoteWebElement.java:285)
at org.openqa.selenium.remote.RemoteWebElement.sendKeys(RemoteWebElement.java:106)
at NostGroup.NostArtifact.Base.CommonMethods.type(CommonMethods.java:92)
at NostGroup.NostArtifact.Manage.Protocol.addProtocol(Protocol.java:65)
at NostGroup.NostArtifact.TestCases.IDSFlow_M_R_PR.addProtocol(IDSFlow_M_R_PR.java:37)
at sun.reflect.NativeMethodAccessorImpl.invoke0(Native Method)
at sun.reflect.NativeMethodAccessorImpl.invoke(NativeMethodAccessorImpl.java:62)
at sun.reflect.DelegatingMethodAccessorImpl.invoke(DelegatingMethodAccessorImpl.java:43)
at java.lang.reflect.Method.invoke(Method.java:498)
at org.testng.internal.MethodInvocationHelper.invokeMethod(MethodInvocationHelper.java:134)
at org.testng.internal.TestInvoker.invokeMethod(TestInvoker.java:597)
at org.testng.internal.TestInvoker.invokeTestMethod(TestInvoker.java:173)
at org.testng.internal.MethodRunner.runInSequence(MethodRunner.java:46)
at org.testng.internal.TestInvoker$MethodInvocationAgent.invoke(TestInvoker.java:816)
at org.testng.internal.TestInvoker.invokeTestMethods(TestInvoker.java:146)
at org.testng.internal.TestMethodWorker.invokeTestMethods(TestMethodWorker.java:146)
at org.testng.internal.TestMethodWorker.run(TestMethodWorker.java:128)
at java.util.ArrayList.forEach(ArrayList.java:1249)
at org.testng.TestRunner.privateRun(TestRunner.java:766)
at org.testng.TestRunner.run(TestRunner.java:587)
at org.testng.SuiteRunner.runTest(SuiteRunner.java:384)
at org.testng.SuiteRunner.runSequentially(SuiteRunner.java:378)
at org.testng.SuiteRunner.privateRun(SuiteRunner.java:337)
at org.testng.SuiteRunner.run(SuiteRunner.java:286)
at org.testng.SuiteRunnerWorker.runSuite(SuiteRunnerWorker.java:53)
at org.testng.SuiteRunnerWorker.run(SuiteRunnerWorker.java:96)
at org.testng.TestNG.runSuitesSequentially(TestNG.java:1187)
at org.testng.TestNG.runSuitesLocally(TestNG.java:1109)
at org.testng.TestNG.runSuites(TestNG.java:1039)
at org.testng.TestNG.run(TestNG.java:1007)
at org.testng.remote.AbstractRemoteTestNG.run(AbstractRemoteTestNG.java:115)
at org.testng.remote.RemoteTestNG.initAndRun(RemoteTestNG.java:251)
at org.testng.remote.RemoteTestNG.main(RemoteTestNG.java:77)
]]>
    </error>
  </testcase> <!-- addProtocol -->
  <system-out>
Clicked the item: protocol Clicked the item: add-protocol Entered the value '06-OCT-3-20-PROT' in field 'protocol-id' Entered the value '06-OCT-3-20-PROT-Title' in field 'protocol-title' Selected the value 'CNPE in field 'protocol-status' Selected the value 'Active in field 'pharmacy-status' Entered the value '06-OCT-3-20-PROT-SPID' in field 'sponsor-protocol-id' Entered the value '06-OCT-3-20-PROT-SP' in field 'protocol-sponsor' Entered the value 'STN002' in field 'site-number' Selected the value 'Phase 2 in field 'protocol-phase' Selected the value 'Leukemia in field 'disease-program' Selected the value 'Both in field 'service' Selected the value 'Industry in field 'study-source' Selected the value 'Open label in field 'protocol-type' Entered the value 'IRB-Z001' in field 'internal-irb' Entered the value 'EIRB-Z100' in field 'external-irb' Selected the value 'Genetics in field 'protocol-category' Clicked the item: staff Entered the value 'nCoup-PI-FN' in field 'pi-first-name' Entered the value 'nCoup-PI-LN' in field 'pi-last-name' Entered the value 'Inv-ID-01' in field 'investigator-id' Entered the value '10-10-2020' in field 'id-expiration' Entered the value 'Opt-Ins-nCoup' in field 'opt-pi-institution' Entered the value 'Op-Ins-FN' in field 'opt-pi-first-name' Entered the value 'OP-Ins-LN' in field 'opt-pi-last-name' Entered the value 'Op-Inv-ID-02' in field 'opt-investigator-id' Entered the value '10-10-2020' in field 'opt-id-expiration' <br>addProtocol: Failed <br> <a target="_blank" href="D:\Jagan\NostAuto\NostCore\NostArtifact\Screenshots\Screenshot_Thu_Oct_08_14_32_03_IST_2020.jpg">ScreenShot</a> <br>  </system-out>
  <testcase name="verifyProtocol" time="0.000" classname="NostGroup.NostArtifact.TestCases.IDSFlow_M_R_PR">
    <skipped/>
  </testcase> <!-- verifyProtocol -->
  <system-out/>
  <testcase name="addPharmacy" time="0.000" classname="NostGroup.NostArtifact.TestCases.IDSFlow_M_R_PR">
    <skipped/>
  </testcase> <!-- addPharmacy -->
  <system-out/>
  <testcase name="verifyPharmacy" time="0.000" classname="NostGroup.NostArtifact.TestCases.IDSFlow_M_R_PR">
    <skipped/>
  </testcase> <!-- verifyPharmacy -->
  <system-out/>
  <testcase name="addSupplier" time="0.000" classname="NostGroup.NostArtifact.TestCases.IDSFlow_M_R_PR">
    <skipped/>
  </testcase> <!-- addSupplier -->
  <system-out/>
  <testcase name="verifySupplier" time="0.000" classname="NostGroup.NostArtifact.TestCases.IDSFlow_M_R_PR">
    <skipped/>
  </testcase> <!-- verifySupplier -->
  <system-out/>
  <testcase name="addCatalog" time="0.000" classname="NostGroup.NostArtifact.TestCases.IDSFlow_M_R_PR">
    <skipped/>
  </testcase> <!-- addCatalog -->
  <system-out/>
  <testcase name="verifyCatalog" time="0.000" classname="NostGroup.NostArtifact.TestCases.IDSFlow_M_R_PR">
    <skipped/>
  </testcase> <!-- verifyCatalog -->
  <system-out/>
  <testcase name="addPatient" time="0.000" classname="NostGroup.NostArtifact.TestCases.IDSFlow_M_R_PR">
    <skipped/>
  </testcase> <!-- addPatient -->
  <system-out/>
  <testcase name="verifyPatient" time="0.000" classname="NostGroup.NostArtifact.TestCases.IDSFlow_M_R_PR">
    <skipped/>
  </testcase> <!-- verifyPatient -->
  <system-out/>
  <testcase name="commonReceive" time="0.000" classname="NostGroup.NostArtifact.TestCases.IDSFlow_M_R_PR">
    <skipped/>
  </testcase> <!-- commonReceive -->
  <system-out/>
  <testcase name="submitqueueReceive" time="0.000" classname="NostGroup.NostArtifact.TestCases.IDSFlow_M_R_PR">
    <skipped/>
  </testcase> <!-- submitqueueReceive -->
  <system-out/>
  <testcase name="commonTransferToPharmacy" time="0.000" classname="NostGroup.NostArtifact.TestCases.IDSFlow_M_R_PR">
    <skipped/>
  </testcase> <!-- commonTransferToPharmacy -->
  <system-out/>
  <testcase name="addDispense" time="0.000" classname="NostGroup.NostArtifact.TestCases.IDSFlow_M_R_PR">
    <skipped/>
  </testcase> <!-- addDispense -->
  <system-out/>
</testsuite> <!-- NostGroup.NostArtifact.TestCases.IDSFlow_M_R_PR -->
