<?xml version="1.0" encoding="UTF-8"?>
<!-- Generated by org.testng.reporters.JUnitReportReporter -->
<testsuite skipped="0" hostname="CsekarAithent" name="NostGroup.NostArtifact.TestCases.ReceiveCase" tests="2" failures="0" timestamp="2020-06-02T12:15:48 IST" time="41.597" errors="0">
  <testcase name="nostLogin" time="4.024" classname="NostGroup.NostArtifact.TestCases.ReceiveCase"/>
  <system-out/>
  <testcase name="commonReceive" time="37.573" classname="NostGroup.NostArtifact.TestCases.ReceiveCase"/>
  <system-out/>
</testsuite> <!-- NostGroup.NostArtifact.TestCases.ReceiveCase -->
