<?xml version="1.0" encoding="UTF-8"?>
<!-- Generated by org.testng.reporters.JUnitReportReporter -->
<testsuite skipped="0" hostname="CsekarAithent" name="NostGroup.NostArtifact.TestCases.TransferCase" tests="2" failures="0" timestamp="2020-05-28T15:38:31 IST" time="63.618" errors="0">
  <testcase name="nostlogin" time="11.603" classname="NostGroup.NostArtifact.TestCases.TransferCase"/>
  <system-out/>
  <testcase name="transferGen" time="52.015" classname="NostGroup.NostArtifact.TestCases.TransferCase"/>
  <system-out/>
</testsuite> <!-- NostGroup.NostArtifact.TestCases.TransferCase -->
