<?xml version="1.0" encoding="UTF-8"?>
<!-- Generated by org.testng.reporters.JUnitReportReporter -->
<testsuite skipped="0" hostname="CsekarAithent" name="NostGroup.NostArtifact.TestCases.UbarTest" tests="2" failures="1" timestamp="2020-09-28T12:13:33 IST" time="61.032" errors="0">
  <testcase name="ubarLogin" time="8.969" classname="NostGroup.NostArtifact.TestCases.UbarTest"/>
  <system-out>
Login Billing starts.... Entered the value 'admin' in field 'username-billing' Entered the value 'aithentchn' in field 'password-billing' Clicked the item: login-button-billing  </system-out>
  <testcase name="verifyCPP" time="52.063" classname="NostGroup.NostArtifact.TestCases.UbarTest">
    <failure type="java.lang.AssertionError" message="CDM addition failed in CPP CDM">
      <![CDATA[java.lang.AssertionError: CDM addition failed in CPP CDM
at org.testng.Assert.fail(Assert.java:97)
at NostGroup.NostArtifact.Billing.CPP.cppAdd(CPP.java:557)
at NostGroup.NostArtifact.TestCases.UbarTest.verifyCPP(UbarTest.java:44)
at sun.reflect.NativeMethodAccessorImpl.invoke0(Native Method)
at sun.reflect.NativeMethodAccessorImpl.invoke(NativeMethodAccessorImpl.java:62)
at sun.reflect.DelegatingMethodAccessorImpl.invoke(DelegatingMethodAccessorImpl.java:43)
at java.lang.reflect.Method.invoke(Method.java:498)
at org.testng.internal.MethodInvocationHelper.invokeMethod(MethodInvocationHelper.java:134)
at org.testng.internal.TestInvoker.invokeMethod(TestInvoker.java:597)
at org.testng.internal.TestInvoker.invokeTestMethod(TestInvoker.java:173)
at org.testng.internal.MethodRunner.runInSequence(MethodRunner.java:46)
at org.testng.internal.TestInvoker$MethodInvocationAgent.invoke(TestInvoker.java:816)
at org.testng.internal.TestInvoker.invokeTestMethods(TestInvoker.java:146)
at org.testng.internal.TestMethodWorker.invokeTestMethods(TestMethodWorker.java:146)
at org.testng.internal.TestMethodWorker.run(TestMethodWorker.java:128)
at java.util.ArrayList.forEach(ArrayList.java:1249)
at org.testng.TestRunner.privateRun(TestRunner.java:766)
at org.testng.TestRunner.run(TestRunner.java:587)
at org.testng.SuiteRunner.runTest(SuiteRunner.java:384)
at org.testng.SuiteRunner.runSequentially(SuiteRunner.java:378)
at org.testng.SuiteRunner.privateRun(SuiteRunner.java:337)
at org.testng.SuiteRunner.run(SuiteRunner.java:286)
at org.testng.SuiteRunnerWorker.runSuite(SuiteRunnerWorker.java:53)
at org.testng.SuiteRunnerWorker.run(SuiteRunnerWorker.java:96)
at org.testng.TestNG.runSuitesSequentially(TestNG.java:1187)
at org.testng.TestNG.runSuitesLocally(TestNG.java:1109)
at org.testng.TestNG.runSuites(TestNG.java:1039)
at org.testng.TestNG.run(TestNG.java:1007)
at org.testng.remote.AbstractRemoteTestNG.run(AbstractRemoteTestNG.java:115)
at org.testng.remote.RemoteTestNG.initAndRun(RemoteTestNG.java:251)
at org.testng.remote.RemoteTestNG.main(RemoteTestNG.java:77)
]]>
    </failure>
  </testcase> <!-- verifyCPP -->
  <system-out>
Clicked the item: maintenance-billing-menu Clicked the item: cpp-menu Entered the value '28-SEP-01-20-PROT' in field 'cpp-plan-search' Clicked the item: cpp-search Plan '28-SEP-01-20-PROT' integrated to CPP successfully Clicked the item: cpp-payer-search-icon Entered the value '01-JUN-Payer-IDS' in field 'cpp-attach-payer-search' Clicked the item: cpp-add-new-payer-search Payer '01-JUN-Payer-IDS' selected from existing Payer's list successfully Clicked the item: cpp-attach-payer Service '28-SEP-01-20-Drg' not listed in CPP CDM Service '28-SEP-01-20-Drg' found in CPP Services table Clicked the item: cpp-cdm-quantity-based Entered the value '230.0' in field 'cpp-cdm-service-price' Clicked the item: cpp-cdm-save After CDM addition, CDM entry '28-SEP-01-20-Drg' not listed in CPP CDM <br>verifyCPP: Failed <br> <a target="_blank" href="D:\Jagan\NostAuto\NostCore\NostArtifact\Screenshots\Screenshot_Mon_Sep_28_12_13_32_IST_2020.jpg">ScreenShot</a> <br>  </system-out>
</testsuite> <!-- NostGroup.NostArtifact.TestCases.UbarTest -->
