<?xml version="1.0" encoding="UTF-8"?>
<!-- Generated by org.testng.reporters.JUnitReportReporter -->
<testsuite skipped="0" hostname="CsekarAithent" name="NostGroup.NostArtifact.TestCases.DispenseCase" tests="2" failures="0" timestamp="2020-09-16T07:07:15 IST" time="35.882" errors="0">
  <testcase name="nostLogin" time="7.403" classname="NostGroup.NostArtifact.TestCases.DispenseCase"/>
  <system-out>
Starting to Login.... Entered the value 'admin' in field 'username' Entered the value 'ncoup' in field 'password' Clicked the item: login-button  </system-out>
  <testcase name="saveQueueDispense" time="28.479" classname="NostGroup.NostArtifact.TestCases.DispenseCase"/>
  <system-out>
Clicked the item: patient-menu Clicked the item: manage-patient-result-search-bar Entered the value '16-SEP-01-20-PAT1-1' in field 'manage-patient-result-search-bar' Patient '16-SEP-01-20-PAT1-1' present in Patient table Clicked the item: dispense-to-patient-pat Selected the value '16-SEP-01-20-Drg 22.22mEq in field 'dispense-drug-name' Selected the value '586.iu45-LT2 in field 'dispense-lot' Selected the value '16-SEP-01-20-PHARM-1-C in field 'dispense-pharmacy' Selected the value 'Location 2 in field 'dispense-storage-location' Entered the value '6 tabs twice a day' in field 'dispense-dose' Entered the value 'Dispense 3' in field 'dispense-comments' Entered the value '3rd visit' in field 'dispense-visit' Entered the value '9.0' in field 'total-dispense-qty' Entered the value 'a1234' in field 'dispense-dispense-esign' Clicked the item: dispense-save-queue  </system-out>
</testsuite> <!-- NostGroup.NostArtifact.TestCases.DispenseCase -->
