<?xml version="1.0" encoding="UTF-8"?>
<!-- Generated by org.testng.reporters.JUnitReportReporter -->
<testsuite skipped="0" hostname="CsekarAithent" name="NostGroup.NostArtifact.TestCases.IDS_Disp_Interface" tests="9" failures="0" timestamp="2020-08-06T19:00:14 IST" time="142.700" errors="0">
  <testcase name="nostLogin" time="4.501" classname="NostGroup.NostArtifact.TestCases.IDS_Disp_Interface"/>
  <system-out>
Starting to Login.... Entered the value 'admin' in field 'username' Entered the value 'ncoup' in field 'password' Clicked the item: login-button  </system-out>
  <testcase name="addPharmacy" time="13.761" classname="NostGroup.NostArtifact.TestCases.IDS_Disp_Interface"/>
  <system-out>
Clicked the item: organization Selected the value 'Pharmacy in field 'organization-selection' Clicked the item: add-new-pharmacy Entered the value '03-AUG-15-20-PHARM-1-C' in field 'pharmacy-name'  Input is Yes for the field 'grant-control-rights' and Checkbox is unchecked by default, now checked/ticked successfully Selected the value 'Control in field 'nci-record' Selected the value 'Refrigerator in field 'storage-condition1' Entered the value 'Location 1' in field 'storage-location1' 'disable-dispense-par-level1' is checked/ticked by default Selected the value 'Room Temperature in field 'storage-condition2' Entered the value 'Location 2' in field 'storage-location2' 'disable-dispense-par-level2' is checked/ticked by default Selected the value 'Refrigerated in field 'storage-condition3' Entered the value 'Location 3' in field 'storage-location3' 'disable-dispense-par-level3' is checked/ticked by default Selected the value 'Freezer -20 in field 'storage-condition4' Entered the value 'Location 4' in field 'storage-location4' 'disable-dispense-par-level4' is checked/ticked by default Clicked the item: pharmacy-address Entered the value '11.0' in field 'pharmacy-address-1' Entered the value 'nCoup Street' in field 'pharmacy-address-2' Entered the value 'nCoup City' in field 'pharmacy-city' Entered the value 'nCoup State' in field 'pharmacy-state' Entered the value '1234567.0' in field 'pharmacy-zip-postalcode' Entered the value '098-098-0987' in field 'pharmacy-phone' Entered the value 'nCoup Control pharmacy QA' in field 'pharmacy-name-label-name' Entered the value 'DEA234' in field 'pharmacy-dea' Entered the value 'a1234' in field 'pharmacy-esign' Clicked the item: pharmacy-submit  </system-out>
  <testcase name="verifyPharmacy" time="11.003" classname="NostGroup.NostArtifact.TestCases.IDS_Disp_Interface"/>
  <system-out>
Selected the value 'Pharmacy in field 'organization-selection' Entered the value '03-AUG-15-20-PHARM-1-C' in field 'pharmacy-search-bar' Pharmacy '03-AUG-15-20-PHARM-1-C' found in the Pharmacy table  </system-out>
  <testcase name="addSupplier" time="23.376" classname="NostGroup.NostArtifact.TestCases.IDS_Disp_Interface"/>
  <system-out>
Clicked the item: organization Selected the value 'Supplier in field 'organization-selection' Clicked the item: supplier-add Entered the value '03-AUG-15-20-Supplier-1' in field 'supplier-name' Clicked the item: add-more-supplier1 Entered the value '03-AUG-15-20-Supplier-2' in field 'supplier-name-1' Clicked the item: add-more-supplier2 Entered the value '03-AUG-15-20-Supplier-3' in field 'supplier-name-2' Entered the value 'a1234' in field 'supplier-esign' Clicked the item: supplier-submit  </system-out>
  <testcase name="verifySupplier" time="11.632" classname="NostGroup.NostArtifact.TestCases.IDS_Disp_Interface"/>
  <system-out>
Selected the value 'Supplier in field 'organization-selection' Entered the value '03-AUG-15-20-Supplier-1' in field 'supplier-search-bar' Supplier '03-AUG-15-20-Supplier-1' found in the Supplier table  </system-out>
  <testcase name="addCatalog" time="22.753" classname="NostGroup.NostArtifact.TestCases.IDS_Disp_Interface"/>
  <system-out>
Clicked the item: add-drug Entered the value '3340354-L' in field 'drug-name' Selected the value 'Strength in field 'track-by' Entered the value '22.22' in field 'strength-concentration' Selected the value 'mEq in field 'unit-of-measure' Selected the value 'Enema in field 'formulation' Entered the value '03-AUG-15-20-Drg-dl1' in field 'drug-label-name' Entered the value '3340354-L' in field 'drug-id' Entered the value '03-AUG-15-20-Drg-nsc1' in field 'drug-nsc' Entered the value '03-AUG-15-20-Drg-adn1' in field 'alternative-drug-name' Clicked the item: set-defaults 'patient-specific-drug' is checked/ticked by default  Input is Yes for the field 'ivrs' and Checkbox is unchecked by default, now checked/ticked successfully Selected the value 'Yes in field 'to-be-linked' Selected the value 'Lot in field 'level-of-accountability' Selected the value 'Tube in field 'unit-type' Entered the value '48.0' in field 'qty-per-unit' Entered the value '03-AUG-15-20-Supplier-1' in field 'catalog-supplier-name' Selected the value 'Fridge in field 'storage-condition' Selected the value 'SCR01-Control2 in field 'pharmacy' Selected the value 'Preparation Area in field 'storage-location' Selected the value 'twice daily in field 'frequency' Entered the value 'Take with water of 8oz, before food' in field 'dose-on-label' Selected the value 'Standard (w/ Lab) in field 'label-template' Entered the value '10.0' in field 'day-supply' Selected the value 'Take With Food in field 'aux-label1' Selected the value 'Shake Well in field 'aux-label2' Selected the value 'Refrigerate in field 'aux-label3' Selected the value 'Chemotherapy Drug in field 'aux-label4' Clicked the item: add-drug Entered the value 'BTA327-1' in field 'cat-prot-sear' Clicked the item: cat-prot-sear-ok Entered the value 'a1234' in field 'catalog-esign' Clicked the item: catalog-submit  </system-out>
  <testcase name="verifyCatalog" time="17.386" classname="NostGroup.NostArtifact.TestCases.IDS_Disp_Interface"/>
  <system-out>
Entered the value '3340354-L' in field 'catalog-tab-search' Catalog '3340354-L' found in the Catalog table  </system-out>
  <testcase name="commonReceive" time="22.075" classname="NostGroup.NostArtifact.TestCases.IDS_Disp_Interface"/>
  <system-out>
Clicked the item: receive-add Entered the value 'BTA327-1' in field 'receive-protocol-id' Entered the value '05AUG20-L' in field 'receive-lot' Entered the value '05-05-2021' in field 'receive-expiration-date' Entered the value '300.0' in field 'receive-total-qty' Entered the value 'Receving Drug' in field 'receive-comment' Clicked the item: receive-save  </system-out>
  <testcase name="submitqueueReceive" time="16.213" classname="NostGroup.NostArtifact.TestCases.IDS_Disp_Interface"/>
  <system-out>
Clicked the item: receive-menu Entered the value 'BTA327-1' in field 'rec-tab-search' Entered the value 'a1234' in field 'receive-edit' Clicked the item: receive-submit  </system-out>
</testsuite> <!-- NostGroup.NostArtifact.TestCases.IDS_Disp_Interface -->
