<?xml version="1.0" encoding="UTF-8"?>
<!-- Generated by org.testng.reporters.JUnitReportReporter -->
<testsuite skipped="0" hostname="CsekarAithent" name="NostGroup.NostArtifact.TestCases.ReceiveCase" tests="3" failures="0" timestamp="2020-09-14T11:57:32 IST" time="40.557" errors="0">
  <testcase name="nostLogin" time="3.796" classname="NostGroup.NostArtifact.TestCases.ReceiveCase"/>
  <system-out>
Starting to Login.... Entered the value 'admin' in field 'username' Entered the value 'ncoup' in field 'password' Clicked the item: login-button  </system-out>
  <testcase name="commonReceive" time="21.194" classname="NostGroup.NostArtifact.TestCases.ReceiveCase"/>
  <system-out>
Clicked the item: receive-add Entered the value '14-SEP-03-20-PROT' in field 'receive-protocol-id' Entered the value '586.iu45-LT2' in field 'receive-lot' Entered the value '05-05-2021' in field 'receive-expiration-date' Entered the value '250.0' in field 'receive-total-qty' Entered the value 'Receving Drug' in field 'receive-comment' Clicked the item: receive-save  </system-out>
  <testcase name="submitqueueReceive" time="15.567" classname="NostGroup.NostArtifact.TestCases.ReceiveCase"/>
  <system-out>
Entered the value '14-SEP-03-20-PROT' in field 'rec-tab-search' Entered the value 'a1234' in field 'receive-edit' Clicked the item: receive-submit  </system-out>
</testsuite> <!-- NostGroup.NostArtifact.TestCases.ReceiveCase -->
